[0.329s] DEBUG:colcon:Command line arguments: ['/usr/bin/colcon', 'build', '--packages-select', 'torque_msgs']
[0.329s] DEBUG:colcon:Parsed command line arguments: Namespace(allow_overriding=[], ament_cmake_args=None, base_paths=['.'], build_base='build', catkin_cmake_args=None, catkin_skip_building_tests=False, cmake_args=None, cmake_clean_cache=False, cmake_clean_first=False, cmake_force_configure=False, cmake_target=None, cmake_target_skip_unavailable=False, continue_on_error=False, event_handlers=None, executor='parallel', ignore_user_meta=False, install_base='install', log_base=None, log_level=None, main=<bound method BuildVerb.main of <colcon_core.verb.build.BuildVerb object at 0x7f9a06113dc0>>, merge_install=False, metas=['./colcon.meta'], packages_above=None, packages_above_and_dependencies=None, packages_above_depth=None, packages_end=None, packages_ignore=None, packages_ignore_regex=None, packages_select=['torque_msgs'], packages_select_build_failed=False, packages_select_by_dep=None, packages_select_regex=None, packages_select_test_failures=False, packages_skip=None, packages_skip_build_finished=False, packages_skip_by_dep=None, packages_skip_regex=None, packages_skip_test_passed=False, packages_skip_up_to=None, packages_start=None, packages_up_to=None, packages_up_to_regex=None, parallel_workers=8, paths=None, symlink_install=False, test_result_base=None, verb_extension=<colcon_core.verb.build.BuildVerb object at 0x7f9a06113dc0>, verb_name='build', verb_parser=<colcon_defaults.argument_parser.defaults.DefaultArgumentsDecorator object at 0x7f9a06118370>)
[0.368s] Level 1:colcon.colcon_core.package_discovery:discover_packages(colcon_meta) check parameters
[0.368s] Level 1:colcon.colcon_core.package_discovery:discover_packages(recursive) check parameters
[0.368s] Level 1:colcon.colcon_core.package_discovery:discover_packages(ignore) check parameters
[0.368s] Level 1:colcon.colcon_core.package_discovery:discover_packages(path) check parameters
[0.368s] Level 1:colcon.colcon_core.package_discovery:discover_packages(colcon_meta) discover
[0.368s] Level 1:colcon.colcon_core.package_discovery:discover_packages(recursive) discover
[0.368s] INFO:colcon.colcon_core.package_discovery:Crawling recursively for packages in '/home/reachy/torque_ws'
[0.368s] Level 1:colcon.colcon_core.package_identification:_identify(.) by extensions ['ignore', 'ignore_ament_install']
[0.368s] Level 1:colcon.colcon_core.package_identification:_identify(.) by extension 'ignore'
[0.368s] Level 1:colcon.colcon_core.package_identification:_identify(.) by extension 'ignore_ament_install'
[0.369s] Level 1:colcon.colcon_core.package_identification:_identify(.) by extensions ['colcon_pkg']
[0.369s] Level 1:colcon.colcon_core.package_identification:_identify(.) by extension 'colcon_pkg'
[0.369s] Level 1:colcon.colcon_core.package_identification:_identify(.) by extensions ['colcon_meta']
[0.369s] Level 1:colcon.colcon_core.package_identification:_identify(.) by extension 'colcon_meta'
[0.369s] Level 1:colcon.colcon_core.package_identification:_identify(.) by extensions ['ros']
[0.369s] Level 1:colcon.colcon_core.package_identification:_identify(.) by extension 'ros'
[0.380s] Level 1:colcon.colcon_core.package_identification:_identify(.) by extensions ['cmake', 'python']
[0.380s] Level 1:colcon.colcon_core.package_identification:_identify(.) by extension 'cmake'
[0.380s] Level 1:colcon.colcon_core.package_identification:_identify(.) by extension 'python'
[0.380s] Level 1:colcon.colcon_core.package_identification:_identify(.) by extensions ['python_setup_py']
[0.380s] Level 1:colcon.colcon_core.package_identification:_identify(.) by extension 'python_setup_py'
[0.380s] Level 1:colcon.colcon_core.package_identification:_identify(build) by extensions ['ignore', 'ignore_ament_install']
[0.380s] Level 1:colcon.colcon_core.package_identification:_identify(build) by extension 'ignore'
[0.380s] Level 1:colcon.colcon_core.package_identification:_identify(build) ignored
[0.381s] Level 1:colcon.colcon_core.package_identification:_identify(install) by extensions ['ignore', 'ignore_ament_install']
[0.381s] Level 1:colcon.colcon_core.package_identification:_identify(install) by extension 'ignore'
[0.381s] Level 1:colcon.colcon_core.package_identification:_identify(install) ignored
[0.381s] Level 1:colcon.colcon_core.package_identification:_identify(log) by extensions ['ignore', 'ignore_ament_install']
[0.381s] Level 1:colcon.colcon_core.package_identification:_identify(log) by extension 'ignore'
[0.381s] Level 1:colcon.colcon_core.package_identification:_identify(log) ignored
[0.381s] Level 1:colcon.colcon_core.package_identification:_identify(src) by extensions ['ignore', 'ignore_ament_install']
[0.381s] Level 1:colcon.colcon_core.package_identification:_identify(src) by extension 'ignore'
[0.381s] Level 1:colcon.colcon_core.package_identification:_identify(src) by extension 'ignore_ament_install'
[0.381s] Level 1:colcon.colcon_core.package_identification:_identify(src) by extensions ['colcon_pkg']
[0.381s] Level 1:colcon.colcon_core.package_identification:_identify(src) by extension 'colcon_pkg'
[0.381s] Level 1:colcon.colcon_core.package_identification:_identify(src) by extensions ['colcon_meta']
[0.381s] Level 1:colcon.colcon_core.package_identification:_identify(src) by extension 'colcon_meta'
[0.381s] Level 1:colcon.colcon_core.package_identification:_identify(src) by extensions ['ros']
[0.381s] Level 1:colcon.colcon_core.package_identification:_identify(src) by extension 'ros'
[0.381s] Level 1:colcon.colcon_core.package_identification:_identify(src) by extensions ['cmake', 'python']
[0.382s] Level 1:colcon.colcon_core.package_identification:_identify(src) by extension 'cmake'
[0.382s] Level 1:colcon.colcon_core.package_identification:_identify(src) by extension 'python'
[0.382s] Level 1:colcon.colcon_core.package_identification:_identify(src) by extensions ['python_setup_py']
[0.382s] Level 1:colcon.colcon_core.package_identification:_identify(src) by extension 'python_setup_py'
[0.382s] Level 1:colcon.colcon_core.package_identification:_identify(src/reachy_vel_acc) by extensions ['ignore', 'ignore_ament_install']
[0.382s] Level 1:colcon.colcon_core.package_identification:_identify(src/reachy_vel_acc) by extension 'ignore'
[0.382s] Level 1:colcon.colcon_core.package_identification:_identify(src/reachy_vel_acc) by extension 'ignore_ament_install'
[0.382s] Level 1:colcon.colcon_core.package_identification:_identify(src/reachy_vel_acc) by extensions ['colcon_pkg']
[0.382s] Level 1:colcon.colcon_core.package_identification:_identify(src/reachy_vel_acc) by extension 'colcon_pkg'
[0.382s] Level 1:colcon.colcon_core.package_identification:_identify(src/reachy_vel_acc) by extensions ['colcon_meta']
[0.382s] Level 1:colcon.colcon_core.package_identification:_identify(src/reachy_vel_acc) by extension 'colcon_meta'
[0.382s] Level 1:colcon.colcon_core.package_identification:_identify(src/reachy_vel_acc) by extensions ['ros']
[0.382s] Level 1:colcon.colcon_core.package_identification:_identify(src/reachy_vel_acc) by extension 'ros'
[0.385s] DEBUG:colcon.colcon_core.package_identification:Package 'src/reachy_vel_acc' with type 'ros.ament_python' and name 'reachy_vel_acc'
[0.385s] Level 1:colcon.colcon_core.package_identification:_identify(src/torque_msgs) by extensions ['ignore', 'ignore_ament_install']
[0.385s] Level 1:colcon.colcon_core.package_identification:_identify(src/torque_msgs) by extension 'ignore'
[0.385s] Level 1:colcon.colcon_core.package_identification:_identify(src/torque_msgs) by extension 'ignore_ament_install'
[0.385s] Level 1:colcon.colcon_core.package_identification:_identify(src/torque_msgs) by extensions ['colcon_pkg']
[0.385s] Level 1:colcon.colcon_core.package_identification:_identify(src/torque_msgs) by extension 'colcon_pkg'
[0.385s] Level 1:colcon.colcon_core.package_identification:_identify(src/torque_msgs) by extensions ['colcon_meta']
[0.385s] Level 1:colcon.colcon_core.package_identification:_identify(src/torque_msgs) by extension 'colcon_meta'
[0.385s] Level 1:colcon.colcon_core.package_identification:_identify(src/torque_msgs) by extensions ['ros']
[0.385s] Level 1:colcon.colcon_core.package_identification:_identify(src/torque_msgs) by extension 'ros'
[0.386s] DEBUG:colcon.colcon_core.package_identification:Package 'src/torque_msgs' with type 'ros.ament_cmake' and name 'torque_msgs'
[0.386s] Level 1:colcon.colcon_core.package_discovery:discover_packages(recursive) using defaults
[0.386s] Level 1:colcon.colcon_core.package_discovery:discover_packages(ignore) discover
[0.386s] Level 1:colcon.colcon_core.package_discovery:discover_packages(ignore) using defaults
[0.386s] Level 1:colcon.colcon_core.package_discovery:discover_packages(path) discover
[0.386s] Level 1:colcon.colcon_core.package_discovery:discover_packages(path) using defaults
[0.406s] INFO:colcon.colcon_core.package_selection:Skipping not selected package 'reachy_vel_acc' in 'src/reachy_vel_acc'
[0.407s] Level 1:colcon.colcon_core.package_discovery:discover_packages(prefix_path) check parameters
[0.407s] Level 1:colcon.colcon_core.package_discovery:discover_packages(prefix_path) discover
[0.410s] DEBUG:colcon.colcon_installed_package_information.package_discovery:Found 2 installed packages in /home/reachy/torque_ws/install
[0.411s] DEBUG:colcon.colcon_installed_package_information.package_discovery:Found 3 installed packages in /home/reachy/ros_ws/install
[0.412s] DEBUG:colcon.colcon_installed_package_information.package_discovery:Found 6 installed packages in /home/reachy/reachy_ws/install
[0.413s] DEBUG:colcon.colcon_installed_package_information.package_discovery:Found 256 installed packages in /opt/ros/foxy
[0.415s] Level 1:colcon.colcon_core.package_discovery:discover_packages(prefix_path) using defaults
[0.478s] Level 5:colcon.colcon_core.verb:set package 'torque_msgs' build argument 'cmake_args' from command line to 'None'
[0.478s] Level 5:colcon.colcon_core.verb:set package 'torque_msgs' build argument 'cmake_target' from command line to 'None'
[0.479s] Level 5:colcon.colcon_core.verb:set package 'torque_msgs' build argument 'cmake_target_skip_unavailable' from command line to 'False'
[0.479s] Level 5:colcon.colcon_core.verb:set package 'torque_msgs' build argument 'cmake_clean_cache' from command line to 'False'
[0.479s] Level 5:colcon.colcon_core.verb:set package 'torque_msgs' build argument 'cmake_clean_first' from command line to 'False'
[0.479s] Level 5:colcon.colcon_core.verb:set package 'torque_msgs' build argument 'cmake_force_configure' from command line to 'False'
[0.479s] Level 5:colcon.colcon_core.verb:set package 'torque_msgs' build argument 'ament_cmake_args' from command line to 'None'
[0.479s] Level 5:colcon.colcon_core.verb:set package 'torque_msgs' build argument 'catkin_cmake_args' from command line to 'None'
[0.479s] Level 5:colcon.colcon_core.verb:set package 'torque_msgs' build argument 'catkin_skip_building_tests' from command line to 'False'
[0.479s] DEBUG:colcon.colcon_core.verb:Building package 'torque_msgs' with the following arguments: {'ament_cmake_args': None, 'build_base': '/home/reachy/torque_ws/build/torque_msgs', 'catkin_cmake_args': None, 'catkin_skip_building_tests': False, 'cmake_args': None, 'cmake_clean_cache': False, 'cmake_clean_first': False, 'cmake_force_configure': False, 'cmake_target': None, 'cmake_target_skip_unavailable': False, 'install_base': '/home/reachy/torque_ws/install/torque_msgs', 'merge_install': False, 'path': '/home/reachy/torque_ws/src/torque_msgs', 'symlink_install': False, 'test_result_base': None}
[0.479s] INFO:colcon.colcon_core.executor:Executing jobs using 'parallel' executor
[0.483s] DEBUG:colcon.colcon_parallel_executor.executor.parallel:run_until_complete
[0.484s] INFO:colcon.colcon_ros.task.ament_cmake.build:Building ROS package in '/home/reachy/torque_ws/src/torque_msgs' with build type 'ament_cmake'
[0.484s] INFO:colcon.colcon_cmake.task.cmake.build:Building CMake package in '/home/reachy/torque_ws/src/torque_msgs'
[0.488s] INFO:colcon.colcon_core.plugin_system:Skipping extension 'colcon_core.shell.bat': Not used on non-Windows systems
[0.488s] INFO:colcon.colcon_core.shell:Skip shell extension 'powershell' for command environment: Not usable outside of PowerShell
[0.488s] DEBUG:colcon.colcon_core.shell:Skip shell extension 'dsv' for command environment
[0.501s] DEBUG:colcon.colcon_core.event_handler.log_command:Invoking command in '/home/reachy/torque_ws/build/torque_msgs': CMAKE_PREFIX_PATH=${CMAKE_PREFIX_PATH}:/home/reachy/torque_ws/install/reachy_vel_acc:/home/reachy/reachy_ws/install/reachy_sdk_server:/home/reachy/reachy_ws/install/reachy_kinematics:/home/reachy/reachy_ws/install/reachy_controllers:/home/reachy/reachy_ws/install/reachy_focus:/home/reachy/ros_ws/install/joint_state_publisher_gui:/home/reachy/ros_ws/install/joint_state_publisher:/opt/ros/foxy /usr/bin/cmake --build /home/reachy/torque_ws/build/torque_msgs -- -j8 -l8
[5.578s] DEBUG:colcon.colcon_core.event_handler.log_command:Invoked command in '/home/reachy/torque_ws/build/torque_msgs' returned '0': CMAKE_PREFIX_PATH=${CMAKE_PREFIX_PATH}:/home/reachy/torque_ws/install/reachy_vel_acc:/home/reachy/reachy_ws/install/reachy_sdk_server:/home/reachy/reachy_ws/install/reachy_kinematics:/home/reachy/reachy_ws/install/reachy_controllers:/home/reachy/reachy_ws/install/reachy_focus:/home/reachy/ros_ws/install/joint_state_publisher_gui:/home/reachy/ros_ws/install/joint_state_publisher:/opt/ros/foxy /usr/bin/cmake --build /home/reachy/torque_ws/build/torque_msgs -- -j8 -l8
[5.630s] DEBUG:colcon.colcon_core.event_handler.log_command:Invoking command in '/home/reachy/torque_ws/build/torque_msgs': CMAKE_PREFIX_PATH=${CMAKE_PREFIX_PATH}:/home/reachy/torque_ws/install/reachy_vel_acc:/home/reachy/reachy_ws/install/reachy_sdk_server:/home/reachy/reachy_ws/install/reachy_kinematics:/home/reachy/reachy_ws/install/reachy_controllers:/home/reachy/reachy_ws/install/reachy_focus:/home/reachy/ros_ws/install/joint_state_publisher_gui:/home/reachy/ros_ws/install/joint_state_publisher:/opt/ros/foxy /usr/bin/cmake --install /home/reachy/torque_ws/build/torque_msgs
[5.726s] Level 1:colcon.colcon_core.environment:create_environment_scripts_only(torque_msgs)
[5.728s] DEBUG:colcon.colcon_core.event_handler.log_command:Invoked command in '/home/reachy/torque_ws/build/torque_msgs' returned '0': CMAKE_PREFIX_PATH=${CMAKE_PREFIX_PATH}:/home/reachy/torque_ws/install/reachy_vel_acc:/home/reachy/reachy_ws/install/reachy_sdk_server:/home/reachy/reachy_ws/install/reachy_kinematics:/home/reachy/reachy_ws/install/reachy_controllers:/home/reachy/reachy_ws/install/reachy_focus:/home/reachy/ros_ws/install/joint_state_publisher_gui:/home/reachy/ros_ws/install/joint_state_publisher:/opt/ros/foxy /usr/bin/cmake --install /home/reachy/torque_ws/build/torque_msgs
[5.733s] Level 1:colcon.colcon_core.environment:checking '/home/reachy/torque_ws/install/torque_msgs' for CMake module files
[5.734s] Level 1:colcon.colcon_core.environment:checking '/home/reachy/torque_ws/install/torque_msgs' for CMake config files
[5.734s] Level 1:colcon.colcon_core.shell:create_environment_hook('torque_msgs', 'cmake_prefix_path')
[5.736s] INFO:colcon.colcon_core.shell:Creating environment hook '/home/reachy/torque_ws/install/torque_msgs/share/torque_msgs/hook/cmake_prefix_path.ps1'
[5.737s] INFO:colcon.colcon_core.shell:Creating environment descriptor '/home/reachy/torque_ws/install/torque_msgs/share/torque_msgs/hook/cmake_prefix_path.dsv'
[5.737s] INFO:colcon.colcon_core.shell:Creating environment hook '/home/reachy/torque_ws/install/torque_msgs/share/torque_msgs/hook/cmake_prefix_path.sh'
[5.738s] Level 1:colcon.colcon_core.environment:checking '/home/reachy/torque_ws/install/torque_msgs/lib'
[5.738s] Level 1:colcon.colcon_core.shell:create_environment_hook('torque_msgs', 'ld_library_path_lib')
[5.740s] INFO:colcon.colcon_core.shell:Creating environment hook '/home/reachy/torque_ws/install/torque_msgs/share/torque_msgs/hook/ld_library_path_lib.ps1'
[5.740s] INFO:colcon.colcon_core.shell:Creating environment descriptor '/home/reachy/torque_ws/install/torque_msgs/share/torque_msgs/hook/ld_library_path_lib.dsv'
[5.741s] INFO:colcon.colcon_core.shell:Creating environment hook '/home/reachy/torque_ws/install/torque_msgs/share/torque_msgs/hook/ld_library_path_lib.sh'
[5.741s] Level 1:colcon.colcon_core.environment:checking '/home/reachy/torque_ws/install/torque_msgs/bin'
[5.741s] Level 1:colcon.colcon_core.environment:checking '/home/reachy/torque_ws/install/torque_msgs/lib/pkgconfig/torque_msgs.pc'
[5.741s] Level 1:colcon.colcon_core.environment:checking '/home/reachy/torque_ws/install/torque_msgs/lib/python3.8/site-packages'
[5.741s] Level 1:colcon.colcon_core.shell:create_environment_hook('torque_msgs', 'pythonpath')
[5.743s] INFO:colcon.colcon_core.shell:Creating environment hook '/home/reachy/torque_ws/install/torque_msgs/share/torque_msgs/hook/pythonpath.ps1'
[5.744s] INFO:colcon.colcon_core.shell:Creating environment descriptor '/home/reachy/torque_ws/install/torque_msgs/share/torque_msgs/hook/pythonpath.dsv'
[5.744s] INFO:colcon.colcon_core.shell:Creating environment hook '/home/reachy/torque_ws/install/torque_msgs/share/torque_msgs/hook/pythonpath.sh'
[5.745s] Level 1:colcon.colcon_core.environment:checking '/home/reachy/torque_ws/install/torque_msgs/bin'
[5.746s] INFO:colcon.colcon_core.shell:Creating package script '/home/reachy/torque_ws/install/torque_msgs/share/torque_msgs/package.ps1'
[5.747s] INFO:colcon.colcon_core.shell:Creating package descriptor '/home/reachy/torque_ws/install/torque_msgs/share/torque_msgs/package.dsv'
[5.748s] INFO:colcon.colcon_core.shell:Creating package script '/home/reachy/torque_ws/install/torque_msgs/share/torque_msgs/package.sh'
[5.749s] INFO:colcon.colcon_core.shell:Creating package script '/home/reachy/torque_ws/install/torque_msgs/share/torque_msgs/package.bash'
[5.750s] INFO:colcon.colcon_core.shell:Creating package script '/home/reachy/torque_ws/install/torque_msgs/share/torque_msgs/package.zsh'
[5.751s] Level 1:colcon.colcon_core.environment:create_file_with_runtime_dependencies(/home/reachy/torque_ws/install/torque_msgs/share/colcon-core/packages/torque_msgs)
[5.797s] Level 1:colcon.colcon_core.environment:create_environment_scripts_only(torque_msgs)
[5.799s] Level 1:colcon.colcon_core.environment:checking '/home/reachy/torque_ws/install/torque_msgs' for CMake module files
[5.800s] Level 1:colcon.colcon_core.environment:checking '/home/reachy/torque_ws/install/torque_msgs' for CMake config files
[5.800s] Level 1:colcon.colcon_core.shell:create_environment_hook('torque_msgs', 'cmake_prefix_path')
[5.802s] INFO:colcon.colcon_core.shell:Creating environment hook '/home/reachy/torque_ws/install/torque_msgs/share/torque_msgs/hook/cmake_prefix_path.ps1'
[5.802s] INFO:colcon.colcon_core.shell:Creating environment descriptor '/home/reachy/torque_ws/install/torque_msgs/share/torque_msgs/hook/cmake_prefix_path.dsv'
[5.803s] INFO:colcon.colcon_core.shell:Creating environment hook '/home/reachy/torque_ws/install/torque_msgs/share/torque_msgs/hook/cmake_prefix_path.sh'
[5.803s] Level 1:colcon.colcon_core.environment:checking '/home/reachy/torque_ws/install/torque_msgs/lib'
[5.803s] Level 1:colcon.colcon_core.shell:create_environment_hook('torque_msgs', 'ld_library_path_lib')
[5.805s] INFO:colcon.colcon_core.shell:Creating environment hook '/home/reachy/torque_ws/install/torque_msgs/share/torque_msgs/hook/ld_library_path_lib.ps1'
[5.806s] INFO:colcon.colcon_core.shell:Creating environment descriptor '/home/reachy/torque_ws/install/torque_msgs/share/torque_msgs/hook/ld_library_path_lib.dsv'
[5.806s] INFO:colcon.colcon_core.shell:Creating environment hook '/home/reachy/torque_ws/install/torque_msgs/share/torque_msgs/hook/ld_library_path_lib.sh'
[5.807s] Level 1:colcon.colcon_core.environment:checking '/home/reachy/torque_ws/install/torque_msgs/bin'
[5.807s] Level 1:colcon.colcon_core.environment:checking '/home/reachy/torque_ws/install/torque_msgs/lib/pkgconfig/torque_msgs.pc'
[5.807s] Level 1:colcon.colcon_core.environment:checking '/home/reachy/torque_ws/install/torque_msgs/lib/python3.8/site-packages'
[5.807s] Level 1:colcon.colcon_core.shell:create_environment_hook('torque_msgs', 'pythonpath')
[5.809s] INFO:colcon.colcon_core.shell:Creating environment hook '/home/reachy/torque_ws/install/torque_msgs/share/torque_msgs/hook/pythonpath.ps1'
[5.809s] INFO:colcon.colcon_core.shell:Creating environment descriptor '/home/reachy/torque_ws/install/torque_msgs/share/torque_msgs/hook/pythonpath.dsv'
[5.810s] INFO:colcon.colcon_core.shell:Creating environment hook '/home/reachy/torque_ws/install/torque_msgs/share/torque_msgs/hook/pythonpath.sh'
[5.810s] Level 1:colcon.colcon_core.environment:checking '/home/reachy/torque_ws/install/torque_msgs/bin'
[5.812s] INFO:colcon.colcon_core.shell:Creating package script '/home/reachy/torque_ws/install/torque_msgs/share/torque_msgs/package.ps1'
[5.813s] INFO:colcon.colcon_core.shell:Creating package descriptor '/home/reachy/torque_ws/install/torque_msgs/share/torque_msgs/package.dsv'
[5.813s] INFO:colcon.colcon_core.shell:Creating package script '/home/reachy/torque_ws/install/torque_msgs/share/torque_msgs/package.sh'
[5.813s] INFO:colcon.colcon_core.shell:Creating package script '/home/reachy/torque_ws/install/torque_msgs/share/torque_msgs/package.bash'
[5.814s] INFO:colcon.colcon_core.shell:Creating package script '/home/reachy/torque_ws/install/torque_msgs/share/torque_msgs/package.zsh'
[5.814s] Level 1:colcon.colcon_core.environment:create_file_with_runtime_dependencies(/home/reachy/torque_ws/install/torque_msgs/share/colcon-core/packages/torque_msgs)
[5.815s] DEBUG:colcon.colcon_parallel_executor.executor.parallel:closing loop
[5.815s] DEBUG:colcon.colcon_parallel_executor.executor.parallel:loop closed
[5.815s] DEBUG:colcon.colcon_parallel_executor.executor.parallel:run_until_complete finished with '0'
[5.815s] DEBUG:colcon.colcon_core.event_reactor:joining thread
[5.821s] INFO:colcon.colcon_core.plugin_system:Skipping extension 'colcon_notification.desktop_notification.terminal_notifier': Not used on non-Darwin systems
[5.821s] INFO:colcon.colcon_core.plugin_system:Skipping extension 'colcon_notification.desktop_notification.win32': Not used on non-Windows systems
[5.822s] INFO:colcon.colcon_notification.desktop_notification:Sending desktop notification using 'notify2'
[5.840s] DEBUG:colcon.colcon_core.event_reactor:joined thread
[5.843s] INFO:colcon.colcon_core.shell:Creating prefix script '/home/reachy/torque_ws/install/local_setup.ps1'
[5.846s] INFO:colcon.colcon_core.shell:Creating prefix util module '/home/reachy/torque_ws/install/_local_setup_util_ps1.py'
[5.849s] INFO:colcon.colcon_core.shell:Creating prefix chain script '/home/reachy/torque_ws/install/setup.ps1'
[5.852s] INFO:colcon.colcon_core.shell:Creating prefix script '/home/reachy/torque_ws/install/local_setup.sh'
[5.853s] INFO:colcon.colcon_core.shell:Creating prefix util module '/home/reachy/torque_ws/install/_local_setup_util_sh.py'
[5.855s] INFO:colcon.colcon_core.shell:Creating prefix chain script '/home/reachy/torque_ws/install/setup.sh'
[5.858s] INFO:colcon.colcon_core.shell:Creating prefix script '/home/reachy/torque_ws/install/local_setup.bash'
[5.859s] INFO:colcon.colcon_core.shell:Creating prefix chain script '/home/reachy/torque_ws/install/setup.bash'
[5.861s] INFO:colcon.colcon_core.shell:Creating prefix script '/home/reachy/torque_ws/install/local_setup.zsh'
[5.862s] INFO:colcon.colcon_core.shell:Creating prefix chain script '/home/reachy/torque_ws/install/setup.zsh'
