[0.016s] Invoking command in '/home/reachy/torque_ws/build/torque_msgs': CMAKE_PREFIX_PATH=${CMAKE_PREFIX_PATH}:/home/reachy/torque_ws/install/reachy_vel_acc:/home/reachy/reachy_ws/install/reachy_sdk_server:/home/reachy/reachy_ws/install/reachy_kinematics:/home/reachy/reachy_ws/install/reachy_controllers:/home/reachy/reachy_ws/install/reachy_focus:/home/reachy/ros_ws/install/joint_state_publisher_gui:/home/reachy/ros_ws/install/joint_state_publisher:/opt/ros/foxy /usr/bin/cmake /home/reachy/torque_ws/src/torque_msgs -DCMAKE_INSTALL_PREFIX=/home/reachy/torque_ws/install/torque_msgs
[0.402s] -- The C compiler identification is GNU 9.4.0
[0.785s] -- The CXX compiler identification is GNU 9.4.0
[0.800s] -- Check for working C compiler: /usr/bin/cc
[0.864s] -- Check for working C compiler: /usr/bin/cc -- works
[0.867s] -- Detecting C compiler ABI info
[0.931s] -- Detecting C compiler ABI info - done
[0.943s] -- Detecting C compile features
[0.943s] -- Detecting C compile features - done
[0.946s] -- Check for working CXX compiler: /usr/bin/c++
[1.016s] -- Check for working CXX compiler: /usr/bin/c++ -- works
[1.017s] -- Detecting CXX compiler ABI info
[1.092s] -- Detecting CXX compiler ABI info - done
[1.105s] -- Detecting CXX compile features
[1.105s] -- Detecting CXX compile features - done
[1.109s] -- Found ament_cmake: 0.9.11 (/opt/ros/foxy/share/ament_cmake/cmake)
[1.178s] -- Found PythonInterp: /usr/bin/python3 (found suitable version "3.8.10", minimum required is "3") 
[1.178s] -- Using PYTHON_EXECUTABLE: /usr/bin/python3
[1.497s] -- Found ament_lint_auto: 0.9.8 (/opt/ros/foxy/share/ament_lint_auto/cmake)
[1.631s] -- Added test 'copyright' to check source files copyright and LICENSE
[1.633s] -- Added test 'lint_cmake' to check CMake code style
[1.635s] -- Added test 'xmllint' to check XML markup files
[1.639s] -- Found std_msgs: 2.0.5 (/opt/ros/foxy/share/std_msgs/cmake)
[1.676s] -- Using all available rosidl_typesupport_c: rosidl_typesupport_fastrtps_c;rosidl_typesupport_introspection_c
[1.685s] -- Found rosidl_adapter: 1.3.0 (/opt/ros/foxy/share/rosidl_adapter/cmake)
[1.784s] -- Found OpenSSL: /usr/lib/x86_64-linux-gnu/libcrypto.so (found version "1.1.1f")  
[1.811s] -- Found FastRTPS: /opt/ros/foxy/include  
[1.899s] -- Using all available rosidl_typesupport_cpp: rosidl_typesupport_fastrtps_cpp;rosidl_typesupport_introspection_cpp
[1.961s] -- Found rosidl_default_generators: 1.0.1 (/opt/ros/foxy/share/rosidl_default_generators/cmake)
[1.974s] CMake Error at /opt/ros/foxy/share/rosidl_cmake/cmake/rosidl_generate_interfaces.cmake:64 (message):
[1.974s]   rosidl_generate_interfaces() must be called before ament_package()
[1.974s] Call Stack (most recent call first):
[1.975s]   CMakeLists.txt:40 (rosidl_generate_interfaces)
[1.975s] 
[1.975s] 
[1.976s] -- Configuring incomplete, errors occurred!
[1.976s] See also "/home/reachy/torque_ws/build/torque_msgs/CMakeFiles/CMakeOutput.log".
[1.983s] Invoked command in '/home/reachy/torque_ws/build/torque_msgs' returned '1': CMAKE_PREFIX_PATH=${CMAKE_PREFIX_PATH}:/home/reachy/torque_ws/install/reachy_vel_acc:/home/reachy/reachy_ws/install/reachy_sdk_server:/home/reachy/reachy_ws/install/reachy_kinematics:/home/reachy/reachy_ws/install/reachy_controllers:/home/reachy/reachy_ws/install/reachy_focus:/home/reachy/ros_ws/install/joint_state_publisher_gui:/home/reachy/ros_ws/install/joint_state_publisher:/opt/ros/foxy /usr/bin/cmake /home/reachy/torque_ws/src/torque_msgs -DCMAKE_INSTALL_PREFIX=/home/reachy/torque_ws/install/torque_msgs
