[0.017s] Invoking command in '/home/reachy/torque_ws/build/torque_msgs': CMAKE_PREFIX_PATH=${CMAKE_PREFIX_PATH}:/home/reachy/torque_ws/install/reachy_vel_acc:/home/reachy/reachy_ws/install/reachy_sdk_server:/home/reachy/reachy_ws/install/reachy_kinematics:/home/reachy/reachy_ws/install/reachy_controllers:/home/reachy/reachy_ws/install/reachy_focus:/home/reachy/ros_ws/install/joint_state_publisher_gui:/home/reachy/ros_ws/install/joint_state_publisher:/opt/ros/foxy /usr/bin/cmake --build /home/reachy/torque_ws/build/torque_msgs -- -j8 -l8
[0.045s] -- Found ament_cmake: 0.9.11 (/opt/ros/foxy/share/ament_cmake/cmake)
[0.104s] -- Found PythonInterp: /usr/bin/python3 (found suitable version "3.8.10", minimum required is "3") 
[0.104s] -- Using PYTHON_EXECUTABLE: /usr/bin/python3
[0.337s] -- Found ament_lint_auto: 0.9.8 (/opt/ros/foxy/share/ament_lint_auto/cmake)
[0.423s] -- Found std_msgs: 2.0.5 (/opt/ros/foxy/share/std_msgs/cmake)
[0.443s] -- Using all available rosidl_typesupport_c: rosidl_typesupport_fastrtps_c;rosidl_typesupport_introspection_c
[0.446s] -- Found rosidl_adapter: 1.3.0 (/opt/ros/foxy/share/rosidl_adapter/cmake)
[0.553s] -- Using all available rosidl_typesupport_cpp: rosidl_typesupport_fastrtps_cpp;rosidl_typesupport_introspection_cpp
[0.596s] -- Found rosidl_default_generators: 1.0.1 (/opt/ros/foxy/share/rosidl_default_generators/cmake)
[0.666s] -- Found PythonInterp: /usr/bin/python3 (found version "3.8.10") 
[0.786s] -- Found ament_cmake_ros: 0.9.2 (/opt/ros/foxy/share/ament_cmake_ros/cmake)
[0.948s] -- Using all available rosidl_typesupport_c: rosidl_typesupport_fastrtps_c;rosidl_typesupport_introspection_c
[1.013s] -- Using all available rosidl_typesupport_cpp: rosidl_typesupport_fastrtps_cpp;rosidl_typesupport_introspection_cpp
[1.090s] -- Found PythonInterp: /usr/bin/python3 (found suitable version "3.8.10", minimum required is "3.5") 
[1.090s] -- Found python_cmake_module: 0.8.1 (/opt/ros/foxy/share/python_cmake_module/cmake)
[1.162s] -- Using PYTHON_EXECUTABLE: /usr/bin/python3
[1.162s] -- Using PYTHON_INCLUDE_DIRS: /usr/include/python3.8
[1.162s] -- Using PYTHON_LIBRARIES: /usr/lib/x86_64-linux-gnu/libpython3.8.so
[1.208s] -- Added test 'copyright' to check source files copyright and LICENSE
[1.210s] -- Added test 'lint_cmake' to check CMake code style
[1.211s] -- Added test 'xmllint' to check XML markup files
[1.216s] -- Configuring done
[1.268s] -- Generating done
[1.272s] -- Build files have been written to: /home/reachy/torque_ws/build/torque_msgs
[1.301s] [35m[1mScanning dependencies of target torque_msgs__cpp[0m
[1.306s] [  3%] [34m[1mGenerating C code for ROS interfaces[0m
[1.317s] [  6%] [34m[1mGenerating C++ code for ROS interfaces[0m
[1.686s] [35m[1mScanning dependencies of target torque_msgs__rosidl_generator_c[0m
[1.694s] [  6%] Built target torque_msgs__cpp
[1.703s] [  9%] [32mBuilding C object CMakeFiles/torque_msgs__rosidl_generator_c.dir/rosidl_generator_c/torque_msgs/msg/detail/expanded_joint_state__functions.c.o[0m
[1.708s] [ 12%] [34m[1mGenerating C++ type support dispatch for ROS interfaces[0m
[1.710s] [ 16%] [34m[1mGenerating C++ introspection for ROS interfaces[0m
[1.713s] [ 19%] [34m[1mGenerating C++ type support for eProsima Fast-RTPS[0m
[1.787s] [ 22%] [32m[1mLinking C shared library libtorque_msgs__rosidl_generator_c.so[0m
[1.857s] [ 22%] Built target torque_msgs__rosidl_generator_c
[1.878s] [ 25%] [34m[1mGenerating C type support dispatch for ROS interfaces[0m
[1.883s] [ 29%] [34m[1mGenerating C introspection for ROS interfaces[0m
[2.191s] [35m[1mScanning dependencies of target torque_msgs__rosidl_typesupport_cpp[0m
[2.218s] [ 32%] [32mBuilding CXX object CMakeFiles/torque_msgs__rosidl_typesupport_cpp.dir/rosidl_typesupport_cpp/torque_msgs/msg/expanded_joint_state__type_support.cpp.o[0m
[2.243s] [35m[1mScanning dependencies of target torque_msgs__rosidl_typesupport_fastrtps_cpp[0m
[2.262s] [35m[1mScanning dependencies of target torque_msgs__rosidl_typesupport_introspection_cpp[0m
[2.271s] [ 35%] [32mBuilding CXX object CMakeFiles/torque_msgs__rosidl_typesupport_fastrtps_cpp.dir/rosidl_typesupport_fastrtps_cpp/torque_msgs/msg/detail/dds_fastrtps/expanded_joint_state__type_support.cpp.o[0m
[2.290s] [ 38%] [32mBuilding CXX object CMakeFiles/torque_msgs__rosidl_typesupport_introspection_cpp.dir/rosidl_typesupport_introspection_cpp/torque_msgs/msg/detail/expanded_joint_state__type_support.cpp.o[0m
[2.424s] [35m[1mScanning dependencies of target torque_msgs__rosidl_typesupport_introspection_c[0m
[2.435s] [35m[1mScanning dependencies of target torque_msgs__rosidl_typesupport_c[0m
[2.446s] [ 41%] [32mBuilding C object CMakeFiles/torque_msgs__rosidl_typesupport_introspection_c.dir/rosidl_typesupport_introspection_c/torque_msgs/msg/detail/expanded_joint_state__type_support.c.o[0m
[2.455s] [ 45%] [32mBuilding CXX object CMakeFiles/torque_msgs__rosidl_typesupport_c.dir/rosidl_typesupport_c/torque_msgs/msg/expanded_joint_state__type_support.cpp.o[0m
[2.509s] [ 48%] [32m[1mLinking CXX shared library libtorque_msgs__rosidl_typesupport_c.so[0m
[2.512s] [ 51%] [32m[1mLinking C shared library libtorque_msgs__rosidl_typesupport_introspection_c.so[0m
[2.568s] [ 51%] Built target torque_msgs__rosidl_typesupport_introspection_c
[2.579s] [ 51%] Built target torque_msgs__rosidl_typesupport_c
[2.715s] [ 54%] [32m[1mLinking CXX shared library libtorque_msgs__rosidl_typesupport_cpp.so[0m
[2.774s] [ 54%] Built target torque_msgs__rosidl_typesupport_cpp
[2.918s] [ 58%] [32m[1mLinking CXX shared library libtorque_msgs__rosidl_typesupport_introspection_cpp.so[0m
[3.046s] [ 58%] Built target torque_msgs__rosidl_typesupport_introspection_cpp
[3.198s] [ 61%] [32m[1mLinking CXX shared library libtorque_msgs__rosidl_typesupport_fastrtps_cpp.so[0m
[3.340s] [ 61%] Built target torque_msgs__rosidl_typesupport_fastrtps_cpp
[3.353s] [ 64%] [34m[1mGenerating C type support for eProsima Fast-RTPS[0m
[3.638s] [35m[1mScanning dependencies of target torque_msgs__rosidl_typesupport_fastrtps_c[0m
[3.651s] [ 67%] [32mBuilding CXX object CMakeFiles/torque_msgs__rosidl_typesupport_fastrtps_c.dir/rosidl_typesupport_fastrtps_c/torque_msgs/msg/detail/expanded_joint_state__type_support_c.cpp.o[0m
[3.988s] [ 70%] [32m[1mLinking CXX shared library libtorque_msgs__rosidl_typesupport_fastrtps_c.so[0m
[4.085s] [ 70%] Built target torque_msgs__rosidl_typesupport_fastrtps_c
[4.105s] [ 70%] Built target torque_msgs
[4.115s] [35m[1mScanning dependencies of target torque_msgs__py[0m
[4.125s] [ 74%] [34m[1mGenerating Python code for ROS interfaces[0m
[4.631s] [ 74%] Built target torque_msgs__py
[4.643s] [35m[1mScanning dependencies of target torque_msgs__python[0m
[4.658s] [ 77%] [32mBuilding C object CMakeFiles/torque_msgs__python.dir/rosidl_generator_py/torque_msgs/msg/_expanded_joint_state_s.c.o[0m
[4.781s] [ 80%] [32m[1mLinking C shared library rosidl_generator_py/torque_msgs/libtorque_msgs__python.so[0m
[4.838s] [ 80%] Built target torque_msgs__python
[4.852s] [35m[1mScanning dependencies of target torque_msgs__rosidl_typesupport_c__pyext[0m
[4.853s] [35m[1mScanning dependencies of target torque_msgs__rosidl_typesupport_introspection_c__pyext[0m
[4.854s] [35m[1mScanning dependencies of target torque_msgs__rosidl_typesupport_fastrtps_c__pyext[0m
[4.874s] [ 83%] [32mBuilding C object CMakeFiles/torque_msgs__rosidl_typesupport_introspection_c__pyext.dir/rosidl_generator_py/torque_msgs/_torque_msgs_s.ep.rosidl_typesupport_introspection_c.c.o[0m
[4.878s] [ 87%] [32mBuilding C object CMakeFiles/torque_msgs__rosidl_typesupport_c__pyext.dir/rosidl_generator_py/torque_msgs/_torque_msgs_s.ep.rosidl_typesupport_c.c.o[0m
[4.884s] [ 90%] [32mBuilding C object CMakeFiles/torque_msgs__rosidl_typesupport_fastrtps_c__pyext.dir/rosidl_generator_py/torque_msgs/_torque_msgs_s.ep.rosidl_typesupport_fastrtps_c.c.o[0m
[4.972s] [ 93%] [32m[1mLinking C shared library rosidl_generator_py/torque_msgs/torque_msgs_s__rosidl_typesupport_introspection_c.cpython-38-x86_64-linux-gnu.so[0m
[4.997s] [ 96%] [32m[1mLinking C shared library rosidl_generator_py/torque_msgs/torque_msgs_s__rosidl_typesupport_c.cpython-38-x86_64-linux-gnu.so[0m
[5.016s] [100%] [32m[1mLinking CXX shared library rosidl_generator_py/torque_msgs/torque_msgs_s__rosidl_typesupport_fastrtps_c.cpython-38-x86_64-linux-gnu.so[0m
[5.024s] [100%] Built target torque_msgs__rosidl_typesupport_introspection_c__pyext
[5.036s] [100%] Built target torque_msgs__rosidl_typesupport_c__pyext
[5.083s] [100%] Built target torque_msgs__rosidl_typesupport_fastrtps_c__pyext
[5.094s] Invoked command in '/home/reachy/torque_ws/build/torque_msgs' returned '0': CMAKE_PREFIX_PATH=${CMAKE_PREFIX_PATH}:/home/reachy/torque_ws/install/reachy_vel_acc:/home/reachy/reachy_ws/install/reachy_sdk_server:/home/reachy/reachy_ws/install/reachy_kinematics:/home/reachy/reachy_ws/install/reachy_controllers:/home/reachy/reachy_ws/install/reachy_focus:/home/reachy/ros_ws/install/joint_state_publisher_gui:/home/reachy/ros_ws/install/joint_state_publisher:/opt/ros/foxy /usr/bin/cmake --build /home/reachy/torque_ws/build/torque_msgs -- -j8 -l8
[5.146s] Invoking command in '/home/reachy/torque_ws/build/torque_msgs': CMAKE_PREFIX_PATH=${CMAKE_PREFIX_PATH}:/home/reachy/torque_ws/install/reachy_vel_acc:/home/reachy/reachy_ws/install/reachy_sdk_server:/home/reachy/reachy_ws/install/reachy_kinematics:/home/reachy/reachy_ws/install/reachy_controllers:/home/reachy/reachy_ws/install/reachy_focus:/home/reachy/ros_ws/install/joint_state_publisher_gui:/home/reachy/ros_ws/install/joint_state_publisher:/opt/ros/foxy /usr/bin/cmake --install /home/reachy/torque_ws/build/torque_msgs
[5.154s] -- Install configuration: ""
[5.154s] -- Installing: /home/reachy/torque_ws/install/torque_msgs/share/ament_index/resource_index/rosidl_interfaces/torque_msgs
[5.155s] -- Up-to-date: /home/reachy/torque_ws/install/torque_msgs/include/torque_msgs
[5.155s] -- Up-to-date: /home/reachy/torque_ws/install/torque_msgs/include/torque_msgs/msg
[5.155s] -- Up-to-date: /home/reachy/torque_ws/install/torque_msgs/include/torque_msgs/msg/rosidl_generator_c__visibility_control.h
[5.155s] -- Up-to-date: /home/reachy/torque_ws/install/torque_msgs/include/torque_msgs/msg/expanded_joint_states.h
[5.155s] -- Installing: /home/reachy/torque_ws/install/torque_msgs/include/torque_msgs/msg/expanded_joint_state.h
[5.155s] -- Up-to-date: /home/reachy/torque_ws/install/torque_msgs/include/torque_msgs/msg/detail
[5.155s] -- Installing: /home/reachy/torque_ws/install/torque_msgs/include/torque_msgs/msg/detail/expanded_joint_state__struct.h
[5.155s] -- Installing: /home/reachy/torque_ws/install/torque_msgs/include/torque_msgs/msg/detail/expanded_joint_state__functions.c
[5.156s] -- Installing: /home/reachy/torque_ws/install/torque_msgs/include/torque_msgs/msg/detail/expanded_joint_state__functions.h
[5.156s] -- Up-to-date: /home/reachy/torque_ws/install/torque_msgs/include/torque_msgs/msg/detail/expanded_joint_states__type_support.h
[5.156s] -- Up-to-date: /home/reachy/torque_ws/install/torque_msgs/include/torque_msgs/msg/detail/expanded_joint_states__functions.h
[5.156s] -- Installing: /home/reachy/torque_ws/install/torque_msgs/include/torque_msgs/msg/detail/expanded_joint_state__type_support.h
[5.156s] -- Up-to-date: /home/reachy/torque_ws/install/torque_msgs/include/torque_msgs/msg/detail/expanded_joint_states__struct.h
[5.156s] -- Up-to-date: /home/reachy/torque_ws/install/torque_msgs/include/torque_msgs/msg/detail/expanded_joint_states__functions.c
[5.156s] -- Up-to-date: /home/reachy/torque_ws/install/torque_msgs/share/torque_msgs/environment/library_path.sh
[5.156s] -- Installing: /home/reachy/torque_ws/install/torque_msgs/share/torque_msgs/environment/library_path.dsv
[5.157s] -- Installing: /home/reachy/torque_ws/install/torque_msgs/lib/libtorque_msgs__rosidl_generator_c.so
[5.157s] -- Set runtime path of "/home/reachy/torque_ws/install/torque_msgs/lib/libtorque_msgs__rosidl_generator_c.so" to ""
[5.157s] -- Up-to-date: /home/reachy/torque_ws/install/torque_msgs/include/torque_msgs
[5.157s] -- Up-to-date: /home/reachy/torque_ws/install/torque_msgs/include/torque_msgs/msg
[5.157s] -- Up-to-date: /home/reachy/torque_ws/install/torque_msgs/include/torque_msgs/msg/detail
[5.157s] -- Installing: /home/reachy/torque_ws/install/torque_msgs/include/torque_msgs/msg/detail/expanded_joint_state__rosidl_typesupport_fastrtps_c.h
[5.157s] -- Up-to-date: /home/reachy/torque_ws/install/torque_msgs/include/torque_msgs/msg/detail/expanded_joint_states__rosidl_typesupport_fastrtps_c.h
[5.157s] -- Up-to-date: /home/reachy/torque_ws/install/torque_msgs/include/torque_msgs/msg/rosidl_typesupport_fastrtps_c__visibility_control.h
[5.158s] -- Installing: /home/reachy/torque_ws/install/torque_msgs/lib/libtorque_msgs__rosidl_typesupport_fastrtps_c.so
[5.158s] -- Set runtime path of "/home/reachy/torque_ws/install/torque_msgs/lib/libtorque_msgs__rosidl_typesupport_fastrtps_c.so" to ""
[5.158s] -- Up-to-date: /home/reachy/torque_ws/install/torque_msgs/include/torque_msgs
[5.158s] -- Up-to-date: /home/reachy/torque_ws/install/torque_msgs/include/torque_msgs/msg
[5.158s] -- Up-to-date: /home/reachy/torque_ws/install/torque_msgs/include/torque_msgs/msg/rosidl_typesupport_fastrtps_cpp__visibility_control.h
[5.158s] -- Up-to-date: /home/reachy/torque_ws/install/torque_msgs/include/torque_msgs/msg/detail
[5.158s] -- Up-to-date: /home/reachy/torque_ws/install/torque_msgs/include/torque_msgs/msg/detail/dds_fastrtps
[5.158s] -- Up-to-date: /home/reachy/torque_ws/install/torque_msgs/include/torque_msgs/msg/detail/expanded_joint_states__rosidl_typesupport_fastrtps_cpp.hpp
[5.159s] -- Installing: /home/reachy/torque_ws/install/torque_msgs/include/torque_msgs/msg/detail/expanded_joint_state__rosidl_typesupport_fastrtps_cpp.hpp
[5.159s] -- Installing: /home/reachy/torque_ws/install/torque_msgs/lib/libtorque_msgs__rosidl_typesupport_fastrtps_cpp.so
[5.159s] -- Set runtime path of "/home/reachy/torque_ws/install/torque_msgs/lib/libtorque_msgs__rosidl_typesupport_fastrtps_cpp.so" to ""
[5.159s] -- Up-to-date: /home/reachy/torque_ws/install/torque_msgs/include/torque_msgs
[5.159s] -- Up-to-date: /home/reachy/torque_ws/install/torque_msgs/include/torque_msgs/msg
[5.160s] -- Up-to-date: /home/reachy/torque_ws/install/torque_msgs/include/torque_msgs/msg/rosidl_typesupport_introspection_c__visibility_control.h
[5.160s] -- Up-to-date: /home/reachy/torque_ws/install/torque_msgs/include/torque_msgs/msg/detail
[5.160s] -- Installing: /home/reachy/torque_ws/install/torque_msgs/include/torque_msgs/msg/detail/expanded_joint_state__type_support.c
[5.160s] -- Installing: /home/reachy/torque_ws/install/torque_msgs/include/torque_msgs/msg/detail/expanded_joint_state__rosidl_typesupport_introspection_c.h
[5.160s] -- Up-to-date: /home/reachy/torque_ws/install/torque_msgs/include/torque_msgs/msg/detail/expanded_joint_states__rosidl_typesupport_introspection_c.h
[5.160s] -- Up-to-date: /home/reachy/torque_ws/install/torque_msgs/include/torque_msgs/msg/detail/expanded_joint_states__type_support.c
[5.160s] -- Installing: /home/reachy/torque_ws/install/torque_msgs/lib/libtorque_msgs__rosidl_typesupport_introspection_c.so
[5.161s] -- Set runtime path of "/home/reachy/torque_ws/install/torque_msgs/lib/libtorque_msgs__rosidl_typesupport_introspection_c.so" to ""
[5.161s] -- Installing: /home/reachy/torque_ws/install/torque_msgs/lib/libtorque_msgs__rosidl_typesupport_c.so
[5.161s] -- Set runtime path of "/home/reachy/torque_ws/install/torque_msgs/lib/libtorque_msgs__rosidl_typesupport_c.so" to ""
[5.161s] -- Up-to-date: /home/reachy/torque_ws/install/torque_msgs/include/torque_msgs
[5.162s] -- Up-to-date: /home/reachy/torque_ws/install/torque_msgs/include/torque_msgs/msg
[5.162s] -- Installing: /home/reachy/torque_ws/install/torque_msgs/include/torque_msgs/msg/expanded_joint_state.hpp
[5.162s] -- Up-to-date: /home/reachy/torque_ws/install/torque_msgs/include/torque_msgs/msg/detail
[5.162s] -- Up-to-date: /home/reachy/torque_ws/install/torque_msgs/include/torque_msgs/msg/detail/expanded_joint_states__struct.hpp
[5.162s] -- Installing: /home/reachy/torque_ws/install/torque_msgs/include/torque_msgs/msg/detail/expanded_joint_state__struct.hpp
[5.162s] -- Installing: /home/reachy/torque_ws/install/torque_msgs/include/torque_msgs/msg/detail/expanded_joint_state__builder.hpp
[5.162s] -- Up-to-date: /home/reachy/torque_ws/install/torque_msgs/include/torque_msgs/msg/detail/expanded_joint_states__traits.hpp
[5.162s] -- Up-to-date: /home/reachy/torque_ws/install/torque_msgs/include/torque_msgs/msg/detail/expanded_joint_states__builder.hpp
[5.163s] -- Installing: /home/reachy/torque_ws/install/torque_msgs/include/torque_msgs/msg/detail/expanded_joint_state__traits.hpp
[5.163s] -- Up-to-date: /home/reachy/torque_ws/install/torque_msgs/include/torque_msgs/msg/expanded_joint_states.hpp
[5.163s] -- Up-to-date: /home/reachy/torque_ws/install/torque_msgs/include/torque_msgs
[5.163s] -- Up-to-date: /home/reachy/torque_ws/install/torque_msgs/include/torque_msgs/msg
[5.163s] -- Up-to-date: /home/reachy/torque_ws/install/torque_msgs/include/torque_msgs/msg/detail
[5.163s] -- Installing: /home/reachy/torque_ws/install/torque_msgs/include/torque_msgs/msg/detail/expanded_joint_state__type_support.cpp
[5.163s] -- Installing: /home/reachy/torque_ws/install/torque_msgs/include/torque_msgs/msg/detail/expanded_joint_state__rosidl_typesupport_introspection_cpp.hpp
[5.163s] -- Up-to-date: /home/reachy/torque_ws/install/torque_msgs/include/torque_msgs/msg/detail/expanded_joint_states__rosidl_typesupport_introspection_cpp.hpp
[5.163s] -- Up-to-date: /home/reachy/torque_ws/install/torque_msgs/include/torque_msgs/msg/detail/expanded_joint_states__type_support.cpp
[5.163s] -- Installing: /home/reachy/torque_ws/install/torque_msgs/lib/libtorque_msgs__rosidl_typesupport_introspection_cpp.so
[5.164s] -- Set runtime path of "/home/reachy/torque_ws/install/torque_msgs/lib/libtorque_msgs__rosidl_typesupport_introspection_cpp.so" to ""
[5.164s] -- Installing: /home/reachy/torque_ws/install/torque_msgs/lib/libtorque_msgs__rosidl_typesupport_cpp.so
[5.164s] -- Set runtime path of "/home/reachy/torque_ws/install/torque_msgs/lib/libtorque_msgs__rosidl_typesupport_cpp.so" to ""
[5.164s] -- Up-to-date: /home/reachy/torque_ws/install/torque_msgs/share/torque_msgs/environment/pythonpath.sh
[5.164s] -- Installing: /home/reachy/torque_ws/install/torque_msgs/share/torque_msgs/environment/pythonpath.dsv
[5.164s] -- Installing: /home/reachy/torque_ws/install/torque_msgs/lib/python3.8/site-packages/torque_msgs/__init__.py
[5.225s] Compiling '/home/reachy/torque_ws/install/torque_msgs/lib/python3.8/site-packages/torque_msgs/__init__.py'...
[5.234s] -- Up-to-date: /home/reachy/torque_ws/install/torque_msgs/lib/python3.8/site-packages/torque_msgs/msg
[5.234s] -- Up-to-date: /home/reachy/torque_ws/install/torque_msgs/lib/python3.8/site-packages/torque_msgs/msg/_expanded_joint_states.py
[5.234s] -- Installing: /home/reachy/torque_ws/install/torque_msgs/lib/python3.8/site-packages/torque_msgs/msg/_expanded_joint_state_s.c
[5.234s] -- Installing: /home/reachy/torque_ws/install/torque_msgs/lib/python3.8/site-packages/torque_msgs/msg/__init__.py
[5.234s] -- Installing: /home/reachy/torque_ws/install/torque_msgs/lib/python3.8/site-packages/torque_msgs/msg/_expanded_joint_state.py
[5.234s] -- Up-to-date: /home/reachy/torque_ws/install/torque_msgs/lib/python3.8/site-packages/torque_msgs/msg/_expanded_joint_states_s.c
[5.234s] -- Installing: /home/reachy/torque_ws/install/torque_msgs/lib/python3.8/site-packages/torque_msgs/torque_msgs_s__rosidl_typesupport_fastrtps_c.cpython-38-x86_64-linux-gnu.so
[5.235s] -- Set runtime path of "/home/reachy/torque_ws/install/torque_msgs/lib/python3.8/site-packages/torque_msgs/torque_msgs_s__rosidl_typesupport_fastrtps_c.cpython-38-x86_64-linux-gnu.so" to ""
[5.235s] -- Installing: /home/reachy/torque_ws/install/torque_msgs/lib/python3.8/site-packages/torque_msgs/torque_msgs_s__rosidl_typesupport_introspection_c.cpython-38-x86_64-linux-gnu.so
[5.235s] -- Set runtime path of "/home/reachy/torque_ws/install/torque_msgs/lib/python3.8/site-packages/torque_msgs/torque_msgs_s__rosidl_typesupport_introspection_c.cpython-38-x86_64-linux-gnu.so" to ""
[5.236s] -- Installing: /home/reachy/torque_ws/install/torque_msgs/lib/python3.8/site-packages/torque_msgs/torque_msgs_s__rosidl_typesupport_c.cpython-38-x86_64-linux-gnu.so
[5.236s] -- Set runtime path of "/home/reachy/torque_ws/install/torque_msgs/lib/python3.8/site-packages/torque_msgs/torque_msgs_s__rosidl_typesupport_c.cpython-38-x86_64-linux-gnu.so" to ""
[5.236s] -- Installing: /home/reachy/torque_ws/install/torque_msgs/lib/libtorque_msgs__python.so
[5.236s] -- Set runtime path of "/home/reachy/torque_ws/install/torque_msgs/lib/libtorque_msgs__python.so" to ""
[5.237s] -- Installing: /home/reachy/torque_ws/install/torque_msgs/share/torque_msgs/msg/ExpandedJointState.idl
[5.237s] -- Installing: /home/reachy/torque_ws/install/torque_msgs/share/torque_msgs/msg/ExpandedJointState.msg
[5.237s] -- Up-to-date: /home/reachy/torque_ws/install/torque_msgs/share/ament_index/resource_index/package_run_dependencies/torque_msgs
[5.237s] -- Up-to-date: /home/reachy/torque_ws/install/torque_msgs/share/ament_index/resource_index/parent_prefix_path/torque_msgs
[5.237s] -- Up-to-date: /home/reachy/torque_ws/install/torque_msgs/share/torque_msgs/environment/ament_prefix_path.sh
[5.237s] -- Installing: /home/reachy/torque_ws/install/torque_msgs/share/torque_msgs/environment/ament_prefix_path.dsv
[5.237s] -- Up-to-date: /home/reachy/torque_ws/install/torque_msgs/share/torque_msgs/environment/path.sh
[5.237s] -- Installing: /home/reachy/torque_ws/install/torque_msgs/share/torque_msgs/environment/path.dsv
[5.237s] -- Up-to-date: /home/reachy/torque_ws/install/torque_msgs/share/torque_msgs/local_setup.bash
[5.237s] -- Up-to-date: /home/reachy/torque_ws/install/torque_msgs/share/torque_msgs/local_setup.sh
[5.237s] -- Up-to-date: /home/reachy/torque_ws/install/torque_msgs/share/torque_msgs/local_setup.zsh
[5.238s] -- Installing: /home/reachy/torque_ws/install/torque_msgs/share/torque_msgs/local_setup.dsv
[5.238s] -- Installing: /home/reachy/torque_ws/install/torque_msgs/share/torque_msgs/package.dsv
[5.238s] -- Up-to-date: /home/reachy/torque_ws/install/torque_msgs/share/ament_index/resource_index/packages/torque_msgs
[5.238s] -- Up-to-date: /home/reachy/torque_ws/install/torque_msgs/share/torque_msgs/cmake/torque_msgs__rosidl_generator_cExport.cmake
[5.238s] -- Installing: /home/reachy/torque_ws/install/torque_msgs/share/torque_msgs/cmake/torque_msgs__rosidl_generator_cExport-noconfig.cmake
[5.238s] -- Up-to-date: /home/reachy/torque_ws/install/torque_msgs/share/torque_msgs/cmake/torque_msgs__rosidl_typesupport_introspection_cExport.cmake
[5.238s] -- Installing: /home/reachy/torque_ws/install/torque_msgs/share/torque_msgs/cmake/torque_msgs__rosidl_typesupport_introspection_cExport-noconfig.cmake
[5.239s] -- Up-to-date: /home/reachy/torque_ws/install/torque_msgs/share/torque_msgs/cmake/torque_msgs__rosidl_typesupport_cExport.cmake
[5.239s] -- Installing: /home/reachy/torque_ws/install/torque_msgs/share/torque_msgs/cmake/torque_msgs__rosidl_typesupport_cExport-noconfig.cmake
[5.239s] -- Up-to-date: /home/reachy/torque_ws/install/torque_msgs/share/torque_msgs/cmake/torque_msgs__rosidl_generator_cppExport.cmake
[5.239s] -- Up-to-date: /home/reachy/torque_ws/install/torque_msgs/share/torque_msgs/cmake/torque_msgs__rosidl_typesupport_introspection_cppExport.cmake
[5.239s] -- Installing: /home/reachy/torque_ws/install/torque_msgs/share/torque_msgs/cmake/torque_msgs__rosidl_typesupport_introspection_cppExport-noconfig.cmake
[5.239s] -- Up-to-date: /home/reachy/torque_ws/install/torque_msgs/share/torque_msgs/cmake/torque_msgs__rosidl_typesupport_cppExport.cmake
[5.240s] -- Installing: /home/reachy/torque_ws/install/torque_msgs/share/torque_msgs/cmake/torque_msgs__rosidl_typesupport_cppExport-noconfig.cmake
[5.240s] -- Installing: /home/reachy/torque_ws/install/torque_msgs/share/torque_msgs/cmake/rosidl_cmake-extras.cmake
[5.240s] -- Up-to-date: /home/reachy/torque_ws/install/torque_msgs/share/torque_msgs/cmake/ament_cmake_export_dependencies-extras.cmake
[5.240s] -- Up-to-date: /home/reachy/torque_ws/install/torque_msgs/share/torque_msgs/cmake/ament_cmake_export_libraries-extras.cmake
[5.240s] -- Up-to-date: /home/reachy/torque_ws/install/torque_msgs/share/torque_msgs/cmake/ament_cmake_export_targets-extras.cmake
[5.240s] -- Up-to-date: /home/reachy/torque_ws/install/torque_msgs/share/torque_msgs/cmake/ament_cmake_export_include_directories-extras.cmake
[5.240s] -- Up-to-date: /home/reachy/torque_ws/install/torque_msgs/share/torque_msgs/cmake/rosidl_cmake_export_typesupport_libraries-extras.cmake
[5.240s] -- Up-to-date: /home/reachy/torque_ws/install/torque_msgs/share/torque_msgs/cmake/rosidl_cmake_export_typesupport_targets-extras.cmake
[5.241s] -- Up-to-date: /home/reachy/torque_ws/install/torque_msgs/share/torque_msgs/cmake/torque_msgsConfig.cmake
[5.241s] -- Up-to-date: /home/reachy/torque_ws/install/torque_msgs/share/torque_msgs/cmake/torque_msgsConfig-version.cmake
[5.241s] -- Up-to-date: /home/reachy/torque_ws/install/torque_msgs/share/torque_msgs/package.xml
[5.244s] Invoked command in '/home/reachy/torque_ws/build/torque_msgs' returned '0': CMAKE_PREFIX_PATH=${CMAKE_PREFIX_PATH}:/home/reachy/torque_ws/install/reachy_vel_acc:/home/reachy/reachy_ws/install/reachy_sdk_server:/home/reachy/reachy_ws/install/reachy_kinematics:/home/reachy/reachy_ws/install/reachy_controllers:/home/reachy/reachy_ws/install/reachy_focus:/home/reachy/ros_ws/install/joint_state_publisher_gui:/home/reachy/ros_ws/install/joint_state_publisher:/opt/ros/foxy /usr/bin/cmake --install /home/reachy/torque_ws/build/torque_msgs
