[1.712s] Invoking command in '/mnt/d/coding_stuff/torque-estimation/ros-comms/ros2_ws/src/py_pubsub': PYTHONPATH=/mnt/d/coding_stuff/torque-estimation/ros-comms/ros2_ws/build/py_pubsub/prefix_override:/mnt/d/coding_stuff/torque-estimation/ros-comms/ros2_ws/install/py_pubsub/lib/python3.10/site-packages:${PYTHONPATH} /usr/bin/python3 setup.py egg_info --egg-base ../../build/py_pubsub build --build-base /mnt/d/coding_stuff/torque-estimation/ros-comms/ros2_ws/build/py_pubsub/build install --record /mnt/d/coding_stuff/torque-estimation/ros-comms/ros2_ws/build/py_pubsub/install.log --single-version-externally-managed
[2.459s] running egg_info
[2.464s] writing ../../build/py_pubsub/py_pubsub.egg-info/PKG-INFO
[2.469s] writing dependency_links to ../../build/py_pubsub/py_pubsub.egg-info/dependency_links.txt
[2.475s] writing entry points to ../../build/py_pubsub/py_pubsub.egg-info/entry_points.txt
[2.479s] writing requirements to ../../build/py_pubsub/py_pubsub.egg-info/requires.txt
[2.482s] writing top-level names to ../../build/py_pubsub/py_pubsub.egg-info/top_level.txt
[2.511s] reading manifest file '../../build/py_pubsub/py_pubsub.egg-info/SOURCES.txt'
[2.567s] writing manifest file '../../build/py_pubsub/py_pubsub.egg-info/SOURCES.txt'
[2.570s] running build
[2.571s] running build_py
[2.607s] running install
[2.608s] /usr/lib/python3/dist-packages/setuptools/command/install.py:34: SetuptoolsDeprecationWarning: setup.py install is deprecated. Use build and pip and other standards-based tools.
[2.609s]   warnings.warn(
[2.610s] running install_lib
[2.714s] running install_data
[2.750s] running install_egg_info
[2.761s] removing '/mnt/d/coding_stuff/torque-estimation/ros-comms/ros2_ws/install/py_pubsub/lib/python3.10/site-packages/py_pubsub-0.0.0-py3.10.egg-info' (and everything under it)
[2.809s] Copying ../../build/py_pubsub/py_pubsub.egg-info to /mnt/d/coding_stuff/torque-estimation/ros-comms/ros2_ws/install/py_pubsub/lib/python3.10/site-packages/py_pubsub-0.0.0-py3.10.egg-info
[3.008s] running install_scripts
[3.084s] Installing listener script to /mnt/d/coding_stuff/torque-estimation/ros-comms/ros2_ws/install/py_pubsub/lib/py_pubsub
[3.092s] Installing talker script to /mnt/d/coding_stuff/torque-estimation/ros-comms/ros2_ws/install/py_pubsub/lib/py_pubsub
[3.103s] writing list of installed files to '/mnt/d/coding_stuff/torque-estimation/ros-comms/ros2_ws/build/py_pubsub/install.log'
[3.141s] Invoked command in '/mnt/d/coding_stuff/torque-estimation/ros-comms/ros2_ws/src/py_pubsub' returned '0': PYTHONPATH=/mnt/d/coding_stuff/torque-estimation/ros-comms/ros2_ws/build/py_pubsub/prefix_override:/mnt/d/coding_stuff/torque-estimation/ros-comms/ros2_ws/install/py_pubsub/lib/python3.10/site-packages:${PYTHONPATH} /usr/bin/python3 setup.py egg_info --egg-base ../../build/py_pubsub build --build-base /mnt/d/coding_stuff/torque-estimation/ros-comms/ros2_ws/build/py_pubsub/build install --record /mnt/d/coding_stuff/torque-estimation/ros-comms/ros2_ws/build/py_pubsub/install.log --single-version-externally-managed
