[0.728s] Invoking command in '/home/reachy/torque_ws/src/reachy_vel_acc': PYTHONPATH=/home/reachy/torque_ws/build/reachy_vel_acc/prefix_override:/home/reachy/torque_ws/install/reachy_vel_acc/lib/python3.8/site-packages:${PYTHONPATH} /usr/bin/python3 setup.py egg_info --egg-base ../../build/reachy_vel_acc build --build-base /home/reachy/torque_ws/build/reachy_vel_acc/build install --record /home/reachy/torque_ws/build/reachy_vel_acc/install.log --install-scripts $base/lib/reachy_vel_acc --single-version-externally-managed
[0.986s] running egg_info
[0.986s] writing ../../build/reachy_vel_acc/reachy_vel_acc.egg-info/PKG-INFO
[0.986s] writing dependency_links to ../../build/reachy_vel_acc/reachy_vel_acc.egg-info/dependency_links.txt
[0.987s] writing entry points to ../../build/reachy_vel_acc/reachy_vel_acc.egg-info/entry_points.txt
[0.987s] writing requirements to ../../build/reachy_vel_acc/reachy_vel_acc.egg-info/requires.txt
[0.987s] writing top-level names to ../../build/reachy_vel_acc/reachy_vel_acc.egg-info/top_level.txt
[1.020s] reading manifest file '../../build/reachy_vel_acc/reachy_vel_acc.egg-info/SOURCES.txt'
[1.021s] writing manifest file '../../build/reachy_vel_acc/reachy_vel_acc.egg-info/SOURCES.txt'
[1.021s] running build
[1.021s] running build_py
[1.021s] copying reachy_vel_acc/pub_vel_acc.py -> /home/reachy/torque_ws/build/reachy_vel_acc/build/lib/reachy_vel_acc
[1.022s] running install
[1.022s] running install_lib
[1.023s] copying /home/reachy/torque_ws/build/reachy_vel_acc/build/lib/reachy_vel_acc/pub_vel_acc.py -> /home/reachy/torque_ws/install/reachy_vel_acc/lib/python3.8/site-packages/reachy_vel_acc
[1.024s] byte-compiling /home/reachy/torque_ws/install/reachy_vel_acc/lib/python3.8/site-packages/reachy_vel_acc/pub_vel_acc.py to pub_vel_acc.cpython-38.pyc
[1.026s] running install_data
[1.026s] running install_egg_info
[1.028s] removing '/home/reachy/torque_ws/install/reachy_vel_acc/lib/python3.8/site-packages/reachy_vel_acc-0.0.0-py3.8.egg-info' (and everything under it)
[1.028s] Copying ../../build/reachy_vel_acc/reachy_vel_acc.egg-info to /home/reachy/torque_ws/install/reachy_vel_acc/lib/python3.8/site-packages/reachy_vel_acc-0.0.0-py3.8.egg-info
[1.028s] running install_scripts
[1.047s] Installing vel_acc script to /home/reachy/torque_ws/install/reachy_vel_acc/lib/reachy_vel_acc
[1.047s] writing list of installed files to '/home/reachy/torque_ws/build/reachy_vel_acc/install.log'
[1.079s] Invoked command in '/home/reachy/torque_ws/src/reachy_vel_acc' returned '0': PYTHONPATH=/home/reachy/torque_ws/build/reachy_vel_acc/prefix_override:/home/reachy/torque_ws/install/reachy_vel_acc/lib/python3.8/site-packages:${PYTHONPATH} /usr/bin/python3 setup.py egg_info --egg-base ../../build/reachy_vel_acc build --build-base /home/reachy/torque_ws/build/reachy_vel_acc/build install --record /home/reachy/torque_ws/build/reachy_vel_acc/install.log --install-scripts $base/lib/reachy_vel_acc --single-version-externally-managed
