[0.015s] Invoking command in '/home/reachy/torque_ws/build/torque_msgs': CMAKE_PREFIX_PATH=${CMAKE_PREFIX_PATH}:/home/reachy/torque_ws/install/reachy_vel_acc:/home/reachy/reachy_ws/install/reachy_sdk_server:/home/reachy/reachy_ws/install/reachy_kinematics:/home/reachy/reachy_ws/install/reachy_controllers:/home/reachy/reachy_ws/install/reachy_focus:/home/reachy/ros_ws/install/joint_state_publisher_gui:/home/reachy/ros_ws/install/joint_state_publisher:/opt/ros/foxy /usr/bin/cmake /home/reachy/torque_ws/src/torque_msgs -DCMAKE_INSTALL_PREFIX=/home/reachy/torque_ws/install/torque_msgs
[0.030s] -- Found ament_cmake: 0.9.11 (/opt/ros/foxy/share/ament_cmake/cmake)
[0.099s] -- Found PythonInterp: /usr/bin/python3 (found suitable version "3.8.10", minimum required is "3") 
[0.099s] -- Using PYTHON_EXECUTABLE: /usr/bin/python3
[0.341s] -- Found ament_lint_auto: 0.9.8 (/opt/ros/foxy/share/ament_lint_auto/cmake)
[0.430s] -- Found std_msgs: 2.0.5 (/opt/ros/foxy/share/std_msgs/cmake)
[0.450s] -- Using all available rosidl_typesupport_c: rosidl_typesupport_fastrtps_c;rosidl_typesupport_introspection_c
[0.453s] -- Found rosidl_adapter: 1.3.0 (/opt/ros/foxy/share/rosidl_adapter/cmake)
[0.559s] -- Using all available rosidl_typesupport_cpp: rosidl_typesupport_fastrtps_cpp;rosidl_typesupport_introspection_cpp
[0.600s] -- Found rosidl_default_generators: 1.0.1 (/opt/ros/foxy/share/rosidl_default_generators/cmake)
[0.669s] -- Found PythonInterp: /usr/bin/python3 (found version "3.8.10") 
[0.797s] -- Found ament_cmake_ros: 0.9.2 (/opt/ros/foxy/share/ament_cmake_ros/cmake)
[0.984s] -- Using all available rosidl_typesupport_c: rosidl_typesupport_fastrtps_c;rosidl_typesupport_introspection_c
[1.050s] -- Using all available rosidl_typesupport_cpp: rosidl_typesupport_fastrtps_cpp;rosidl_typesupport_introspection_cpp
[1.116s] -- Found PythonInterp: /usr/bin/python3 (found suitable version "3.8.10", minimum required is "3.5") 
[1.118s] -- Found python_cmake_module: 0.8.1 (/opt/ros/foxy/share/python_cmake_module/cmake)
[1.184s] -- Found PythonLibs: /usr/lib/x86_64-linux-gnu/libpython3.8.so (found suitable version "3.8.10", minimum required is "3.5") 
[1.184s] -- Using PYTHON_EXECUTABLE: /usr/bin/python3
[1.184s] -- Using PYTHON_INCLUDE_DIRS: /usr/include/python3.8
[1.184s] -- Using PYTHON_LIBRARIES: /usr/lib/x86_64-linux-gnu/libpython3.8.so
[1.252s] -- Found PythonExtra: .so  
[1.390s] -- Added test 'copyright' to check source files copyright and LICENSE
[1.392s] -- Added test 'lint_cmake' to check CMake code style
[1.394s] -- Added test 'xmllint' to check XML markup files
[1.405s] -- Configuring done
[1.469s] -- Generating done
[1.473s] -- Build files have been written to: /home/reachy/torque_ws/build/torque_msgs
[1.485s] Invoked command in '/home/reachy/torque_ws/build/torque_msgs' returned '0': CMAKE_PREFIX_PATH=${CMAKE_PREFIX_PATH}:/home/reachy/torque_ws/install/reachy_vel_acc:/home/reachy/reachy_ws/install/reachy_sdk_server:/home/reachy/reachy_ws/install/reachy_kinematics:/home/reachy/reachy_ws/install/reachy_controllers:/home/reachy/reachy_ws/install/reachy_focus:/home/reachy/ros_ws/install/joint_state_publisher_gui:/home/reachy/ros_ws/install/joint_state_publisher:/opt/ros/foxy /usr/bin/cmake /home/reachy/torque_ws/src/torque_msgs -DCMAKE_INSTALL_PREFIX=/home/reachy/torque_ws/install/torque_msgs
[1.490s] Invoking command in '/home/reachy/torque_ws/build/torque_msgs': CMAKE_PREFIX_PATH=${CMAKE_PREFIX_PATH}:/home/reachy/torque_ws/install/reachy_vel_acc:/home/reachy/reachy_ws/install/reachy_sdk_server:/home/reachy/reachy_ws/install/reachy_kinematics:/home/reachy/reachy_ws/install/reachy_controllers:/home/reachy/reachy_ws/install/reachy_focus:/home/reachy/ros_ws/install/joint_state_publisher_gui:/home/reachy/ros_ws/install/joint_state_publisher:/opt/ros/foxy /usr/bin/cmake --build /home/reachy/torque_ws/build/torque_msgs -- -j8 -l8
[1.542s] [35m[1mScanning dependencies of target torque_msgs__cpp[0m
[1.549s] [  3%] [34m[1mGenerating C code for ROS interfaces[0m
[1.555s] [  6%] [34m[1mGenerating C++ code for ROS interfaces[0m
[1.887s] [  6%] Built target torque_msgs__cpp
[1.899s] [  9%] [34m[1mGenerating C++ type support for eProsima Fast-RTPS[0m
[1.899s] [ 12%] [34m[1mGenerating C++ introspection for ROS interfaces[0m
[1.903s] [ 16%] [34m[1mGenerating C++ type support dispatch for ROS interfaces[0m
[2.087s] [35m[1mScanning dependencies of target torque_msgs__rosidl_generator_c[0m
[2.118s] [ 19%] [32mBuilding C object CMakeFiles/torque_msgs__rosidl_generator_c.dir/rosidl_generator_c/torque_msgs/msg/detail/expanded_joint_states__functions.c.o[0m
[2.211s] [ 22%] [32m[1mLinking C shared library libtorque_msgs__rosidl_generator_c.so[0m
[2.277s] [ 22%] Built target torque_msgs__rosidl_generator_c
[2.294s] [ 25%] [34m[1mGenerating C introspection for ROS interfaces[0m
[2.302s] [ 29%] [34m[1mGenerating C type support dispatch for ROS interfaces[0m
[2.350s] [35m[1mScanning dependencies of target torque_msgs__rosidl_typesupport_introspection_cpp[0m
[2.384s] [ 32%] [32mBuilding CXX object CMakeFiles/torque_msgs__rosidl_typesupport_introspection_cpp.dir/rosidl_typesupport_introspection_cpp/torque_msgs/msg/detail/expanded_joint_states__type_support.cpp.o[0m
[2.482s] [35m[1mScanning dependencies of target torque_msgs__rosidl_typesupport_cpp[0m
[2.497s] [35m[1mScanning dependencies of target torque_msgs__rosidl_typesupport_fastrtps_cpp[0m
[2.524s] [ 35%] [32mBuilding CXX object CMakeFiles/torque_msgs__rosidl_typesupport_cpp.dir/rosidl_typesupport_cpp/torque_msgs/msg/expanded_joint_states__type_support.cpp.o[0m
[2.526s] [ 38%] [32mBuilding CXX object CMakeFiles/torque_msgs__rosidl_typesupport_fastrtps_cpp.dir/rosidl_typesupport_fastrtps_cpp/torque_msgs/msg/detail/dds_fastrtps/expanded_joint_states__type_support.cpp.o[0m
[2.837s] [35m[1mScanning dependencies of target torque_msgs__rosidl_typesupport_c[0m
[2.861s] [ 41%] [32mBuilding CXX object CMakeFiles/torque_msgs__rosidl_typesupport_c.dir/rosidl_typesupport_c/torque_msgs/msg/expanded_joint_states__type_support.cpp.o[0m
[2.864s] [35m[1mScanning dependencies of target torque_msgs__rosidl_typesupport_introspection_c[0m
[2.896s] [ 45%] [32mBuilding C object CMakeFiles/torque_msgs__rosidl_typesupport_introspection_c.dir/rosidl_typesupport_introspection_c/torque_msgs/msg/detail/expanded_joint_states__type_support.c.o[0m
[2.923s] [ 48%] [32m[1mLinking CXX shared library libtorque_msgs__rosidl_typesupport_c.so[0m
[2.957s] [ 51%] [32m[1mLinking C shared library libtorque_msgs__rosidl_typesupport_introspection_c.so[0m
[2.996s] [ 51%] Built target torque_msgs__rosidl_typesupport_c
[3.007s] [ 51%] Built target torque_msgs__rosidl_typesupport_introspection_c
[3.016s] [ 54%] [32m[1mLinking CXX shared library libtorque_msgs__rosidl_typesupport_cpp.so[0m
[3.065s] [ 54%] Built target torque_msgs__rosidl_typesupport_cpp
[3.157s] [ 58%] [32m[1mLinking CXX shared library libtorque_msgs__rosidl_typesupport_introspection_cpp.so[0m
[3.251s] [ 58%] Built target torque_msgs__rosidl_typesupport_introspection_cpp
[3.308s] [ 61%] [32m[1mLinking CXX shared library libtorque_msgs__rosidl_typesupport_fastrtps_cpp.so[0m
[3.416s] [ 61%] Built target torque_msgs__rosidl_typesupport_fastrtps_cpp
[3.426s] [ 64%] [34m[1mGenerating C type support for eProsima Fast-RTPS[0m
[3.705s] [35m[1mScanning dependencies of target torque_msgs__rosidl_typesupport_fastrtps_c[0m
[3.720s] [ 67%] [32mBuilding CXX object CMakeFiles/torque_msgs__rosidl_typesupport_fastrtps_c.dir/rosidl_typesupport_fastrtps_c/torque_msgs/msg/detail/expanded_joint_states__type_support_c.cpp.o[0m
[4.075s] [ 70%] [32m[1mLinking CXX shared library libtorque_msgs__rosidl_typesupport_fastrtps_c.so[0m
[4.187s] [ 70%] Built target torque_msgs__rosidl_typesupport_fastrtps_c
[4.198s] [35m[1mScanning dependencies of target torque_msgs[0m
[4.210s] [ 70%] Built target torque_msgs
[4.221s] [35m[1mScanning dependencies of target torque_msgs__py[0m
[4.234s] [ 74%] [34m[1mGenerating Python code for ROS interfaces[0m
[4.852s] [ 74%] Built target torque_msgs__py
[4.863s] [35m[1mScanning dependencies of target torque_msgs__python[0m
[4.898s] [ 77%] [32mBuilding C object CMakeFiles/torque_msgs__python.dir/rosidl_generator_py/torque_msgs/msg/_expanded_joint_states_s.c.o[0m
[5.044s] [ 80%] [32m[1mLinking C shared library rosidl_generator_py/torque_msgs/libtorque_msgs__python.so[0m
[5.090s] [ 80%] Built target torque_msgs__python
[5.101s] [35m[1mScanning dependencies of target torque_msgs__rosidl_typesupport_introspection_c__pyext[0m
[5.105s] [35m[1mScanning dependencies of target torque_msgs__rosidl_typesupport_c__pyext[0m
[5.107s] [35m[1mScanning dependencies of target torque_msgs__rosidl_typesupport_fastrtps_c__pyext[0m
[5.123s] [ 83%] [32mBuilding C object CMakeFiles/torque_msgs__rosidl_typesupport_introspection_c__pyext.dir/rosidl_generator_py/torque_msgs/_torque_msgs_s.ep.rosidl_typesupport_introspection_c.c.o[0m
[5.132s] [ 87%] [32mBuilding C object CMakeFiles/torque_msgs__rosidl_typesupport_c__pyext.dir/rosidl_generator_py/torque_msgs/_torque_msgs_s.ep.rosidl_typesupport_c.c.o[0m
[5.132s] [ 90%] [32mBuilding C object CMakeFiles/torque_msgs__rosidl_typesupport_fastrtps_c__pyext.dir/rosidl_generator_py/torque_msgs/_torque_msgs_s.ep.rosidl_typesupport_fastrtps_c.c.o[0m
[5.225s] [ 93%] [32m[1mLinking C shared library rosidl_generator_py/torque_msgs/torque_msgs_s__rosidl_typesupport_c.cpython-38-x86_64-linux-gnu.so[0m
[5.248s] [ 96%] [32m[1mLinking C shared library rosidl_generator_py/torque_msgs/torque_msgs_s__rosidl_typesupport_introspection_c.cpython-38-x86_64-linux-gnu.so[0m
[5.259s] [100%] [32m[1mLinking CXX shared library rosidl_generator_py/torque_msgs/torque_msgs_s__rosidl_typesupport_fastrtps_c.cpython-38-x86_64-linux-gnu.so[0m
[5.273s] [100%] Built target torque_msgs__rosidl_typesupport_c__pyext
[5.295s] [100%] Built target torque_msgs__rosidl_typesupport_introspection_c__pyext
[5.337s] [100%] Built target torque_msgs__rosidl_typesupport_fastrtps_c__pyext
[5.349s] Invoked command in '/home/reachy/torque_ws/build/torque_msgs' returned '0': CMAKE_PREFIX_PATH=${CMAKE_PREFIX_PATH}:/home/reachy/torque_ws/install/reachy_vel_acc:/home/reachy/reachy_ws/install/reachy_sdk_server:/home/reachy/reachy_ws/install/reachy_kinematics:/home/reachy/reachy_ws/install/reachy_controllers:/home/reachy/reachy_ws/install/reachy_focus:/home/reachy/ros_ws/install/joint_state_publisher_gui:/home/reachy/ros_ws/install/joint_state_publisher:/opt/ros/foxy /usr/bin/cmake --build /home/reachy/torque_ws/build/torque_msgs -- -j8 -l8
[5.403s] Invoking command in '/home/reachy/torque_ws/build/torque_msgs': CMAKE_PREFIX_PATH=${CMAKE_PREFIX_PATH}:/home/reachy/torque_ws/install/reachy_vel_acc:/home/reachy/reachy_ws/install/reachy_sdk_server:/home/reachy/reachy_ws/install/reachy_kinematics:/home/reachy/reachy_ws/install/reachy_controllers:/home/reachy/reachy_ws/install/reachy_focus:/home/reachy/ros_ws/install/joint_state_publisher_gui:/home/reachy/ros_ws/install/joint_state_publisher:/opt/ros/foxy /usr/bin/cmake --install /home/reachy/torque_ws/build/torque_msgs
[5.412s] -- Install configuration: ""
[5.412s] -- Installing: /home/reachy/torque_ws/install/torque_msgs/share/ament_index/resource_index/rosidl_interfaces/torque_msgs
[5.413s] -- Installing: /home/reachy/torque_ws/install/torque_msgs/include/torque_msgs
[5.413s] -- Installing: /home/reachy/torque_ws/install/torque_msgs/include/torque_msgs/msg
[5.413s] -- Installing: /home/reachy/torque_ws/install/torque_msgs/include/torque_msgs/msg/rosidl_generator_c__visibility_control.h
[5.413s] -- Installing: /home/reachy/torque_ws/install/torque_msgs/include/torque_msgs/msg/expanded_joint_states.h
[5.413s] -- Installing: /home/reachy/torque_ws/install/torque_msgs/include/torque_msgs/msg/detail
[5.413s] -- Installing: /home/reachy/torque_ws/install/torque_msgs/include/torque_msgs/msg/detail/expanded_joint_states__type_support.h
[5.413s] -- Installing: /home/reachy/torque_ws/install/torque_msgs/include/torque_msgs/msg/detail/expanded_joint_states__functions.h
[5.414s] -- Installing: /home/reachy/torque_ws/install/torque_msgs/include/torque_msgs/msg/detail/expanded_joint_states__struct.h
[5.414s] -- Installing: /home/reachy/torque_ws/install/torque_msgs/include/torque_msgs/msg/detail/expanded_joint_states__functions.c
[5.414s] -- Installing: /home/reachy/torque_ws/install/torque_msgs/share/torque_msgs/environment/library_path.sh
[5.414s] -- Installing: /home/reachy/torque_ws/install/torque_msgs/share/torque_msgs/environment/library_path.dsv
[5.414s] -- Installing: /home/reachy/torque_ws/install/torque_msgs/lib/libtorque_msgs__rosidl_generator_c.so
[5.414s] -- Set runtime path of "/home/reachy/torque_ws/install/torque_msgs/lib/libtorque_msgs__rosidl_generator_c.so" to ""
[5.414s] -- Up-to-date: /home/reachy/torque_ws/install/torque_msgs/include/torque_msgs
[5.414s] -- Up-to-date: /home/reachy/torque_ws/install/torque_msgs/include/torque_msgs/msg
[5.415s] -- Up-to-date: /home/reachy/torque_ws/install/torque_msgs/include/torque_msgs/msg/detail
[5.415s] -- Installing: /home/reachy/torque_ws/install/torque_msgs/include/torque_msgs/msg/detail/expanded_joint_states__rosidl_typesupport_fastrtps_c.h
[5.415s] -- Installing: /home/reachy/torque_ws/install/torque_msgs/include/torque_msgs/msg/rosidl_typesupport_fastrtps_c__visibility_control.h
[5.415s] -- Installing: /home/reachy/torque_ws/install/torque_msgs/lib/libtorque_msgs__rosidl_typesupport_fastrtps_c.so
[5.415s] -- Set runtime path of "/home/reachy/torque_ws/install/torque_msgs/lib/libtorque_msgs__rosidl_typesupport_fastrtps_c.so" to ""
[5.415s] -- Up-to-date: /home/reachy/torque_ws/install/torque_msgs/include/torque_msgs
[5.416s] -- Up-to-date: /home/reachy/torque_ws/install/torque_msgs/include/torque_msgs/msg
[5.416s] -- Installing: /home/reachy/torque_ws/install/torque_msgs/include/torque_msgs/msg/rosidl_typesupport_fastrtps_cpp__visibility_control.h
[5.416s] -- Up-to-date: /home/reachy/torque_ws/install/torque_msgs/include/torque_msgs/msg/detail
[5.416s] -- Installing: /home/reachy/torque_ws/install/torque_msgs/include/torque_msgs/msg/detail/dds_fastrtps
[5.416s] -- Installing: /home/reachy/torque_ws/install/torque_msgs/include/torque_msgs/msg/detail/expanded_joint_states__rosidl_typesupport_fastrtps_cpp.hpp
[5.416s] -- Installing: /home/reachy/torque_ws/install/torque_msgs/lib/libtorque_msgs__rosidl_typesupport_fastrtps_cpp.so
[5.417s] -- Set runtime path of "/home/reachy/torque_ws/install/torque_msgs/lib/libtorque_msgs__rosidl_typesupport_fastrtps_cpp.so" to ""
[5.417s] -- Up-to-date: /home/reachy/torque_ws/install/torque_msgs/include/torque_msgs
[5.417s] -- Up-to-date: /home/reachy/torque_ws/install/torque_msgs/include/torque_msgs/msg
[5.417s] -- Installing: /home/reachy/torque_ws/install/torque_msgs/include/torque_msgs/msg/rosidl_typesupport_introspection_c__visibility_control.h
[5.418s] -- Up-to-date: /home/reachy/torque_ws/install/torque_msgs/include/torque_msgs/msg/detail
[5.418s] -- Installing: /home/reachy/torque_ws/install/torque_msgs/include/torque_msgs/msg/detail/expanded_joint_states__rosidl_typesupport_introspection_c.h
[5.418s] -- Installing: /home/reachy/torque_ws/install/torque_msgs/include/torque_msgs/msg/detail/expanded_joint_states__type_support.c
[5.418s] -- Installing: /home/reachy/torque_ws/install/torque_msgs/lib/libtorque_msgs__rosidl_typesupport_introspection_c.so
[5.418s] -- Set runtime path of "/home/reachy/torque_ws/install/torque_msgs/lib/libtorque_msgs__rosidl_typesupport_introspection_c.so" to ""
[5.418s] -- Installing: /home/reachy/torque_ws/install/torque_msgs/lib/libtorque_msgs__rosidl_typesupport_c.so
[5.418s] -- Set runtime path of "/home/reachy/torque_ws/install/torque_msgs/lib/libtorque_msgs__rosidl_typesupport_c.so" to ""
[5.419s] -- Up-to-date: /home/reachy/torque_ws/install/torque_msgs/include/torque_msgs
[5.419s] -- Up-to-date: /home/reachy/torque_ws/install/torque_msgs/include/torque_msgs/msg
[5.419s] -- Up-to-date: /home/reachy/torque_ws/install/torque_msgs/include/torque_msgs/msg/detail
[5.419s] -- Installing: /home/reachy/torque_ws/install/torque_msgs/include/torque_msgs/msg/detail/expanded_joint_states__struct.hpp
[5.419s] -- Installing: /home/reachy/torque_ws/install/torque_msgs/include/torque_msgs/msg/detail/expanded_joint_states__traits.hpp
[5.419s] -- Installing: /home/reachy/torque_ws/install/torque_msgs/include/torque_msgs/msg/detail/expanded_joint_states__builder.hpp
[5.419s] -- Installing: /home/reachy/torque_ws/install/torque_msgs/include/torque_msgs/msg/expanded_joint_states.hpp
[5.419s] -- Up-to-date: /home/reachy/torque_ws/install/torque_msgs/include/torque_msgs
[5.420s] -- Up-to-date: /home/reachy/torque_ws/install/torque_msgs/include/torque_msgs/msg
[5.420s] -- Up-to-date: /home/reachy/torque_ws/install/torque_msgs/include/torque_msgs/msg/detail
[5.420s] -- Installing: /home/reachy/torque_ws/install/torque_msgs/include/torque_msgs/msg/detail/expanded_joint_states__rosidl_typesupport_introspection_cpp.hpp
[5.420s] -- Installing: /home/reachy/torque_ws/install/torque_msgs/include/torque_msgs/msg/detail/expanded_joint_states__type_support.cpp
[5.420s] -- Installing: /home/reachy/torque_ws/install/torque_msgs/lib/libtorque_msgs__rosidl_typesupport_introspection_cpp.so
[5.420s] -- Set runtime path of "/home/reachy/torque_ws/install/torque_msgs/lib/libtorque_msgs__rosidl_typesupport_introspection_cpp.so" to ""
[5.420s] -- Installing: /home/reachy/torque_ws/install/torque_msgs/lib/libtorque_msgs__rosidl_typesupport_cpp.so
[5.420s] -- Set runtime path of "/home/reachy/torque_ws/install/torque_msgs/lib/libtorque_msgs__rosidl_typesupport_cpp.so" to ""
[5.421s] -- Installing: /home/reachy/torque_ws/install/torque_msgs/share/torque_msgs/environment/pythonpath.sh
[5.421s] -- Installing: /home/reachy/torque_ws/install/torque_msgs/share/torque_msgs/environment/pythonpath.dsv
[5.421s] -- Installing: /home/reachy/torque_ws/install/torque_msgs/lib/python3.8/site-packages/torque_msgs/__init__.py
[5.498s] Compiling '/home/reachy/torque_ws/install/torque_msgs/lib/python3.8/site-packages/torque_msgs/__init__.py'...
[5.508s] -- Installing: /home/reachy/torque_ws/install/torque_msgs/lib/python3.8/site-packages/torque_msgs/msg
[5.509s] -- Installing: /home/reachy/torque_ws/install/torque_msgs/lib/python3.8/site-packages/torque_msgs/msg/_expanded_joint_states.py
[5.509s] -- Installing: /home/reachy/torque_ws/install/torque_msgs/lib/python3.8/site-packages/torque_msgs/msg/__init__.py
[5.509s] -- Installing: /home/reachy/torque_ws/install/torque_msgs/lib/python3.8/site-packages/torque_msgs/msg/_expanded_joint_states_s.c
[5.509s] -- Installing: /home/reachy/torque_ws/install/torque_msgs/lib/python3.8/site-packages/torque_msgs/torque_msgs_s__rosidl_typesupport_fastrtps_c.cpython-38-x86_64-linux-gnu.so
[5.510s] -- Set runtime path of "/home/reachy/torque_ws/install/torque_msgs/lib/python3.8/site-packages/torque_msgs/torque_msgs_s__rosidl_typesupport_fastrtps_c.cpython-38-x86_64-linux-gnu.so" to ""
[5.510s] -- Installing: /home/reachy/torque_ws/install/torque_msgs/lib/python3.8/site-packages/torque_msgs/torque_msgs_s__rosidl_typesupport_introspection_c.cpython-38-x86_64-linux-gnu.so
[5.511s] -- Set runtime path of "/home/reachy/torque_ws/install/torque_msgs/lib/python3.8/site-packages/torque_msgs/torque_msgs_s__rosidl_typesupport_introspection_c.cpython-38-x86_64-linux-gnu.so" to ""
[5.511s] -- Installing: /home/reachy/torque_ws/install/torque_msgs/lib/python3.8/site-packages/torque_msgs/torque_msgs_s__rosidl_typesupport_c.cpython-38-x86_64-linux-gnu.so
[5.512s] -- Set runtime path of "/home/reachy/torque_ws/install/torque_msgs/lib/python3.8/site-packages/torque_msgs/torque_msgs_s__rosidl_typesupport_c.cpython-38-x86_64-linux-gnu.so" to ""
[5.512s] -- Installing: /home/reachy/torque_ws/install/torque_msgs/lib/libtorque_msgs__python.so
[5.513s] -- Set runtime path of "/home/reachy/torque_ws/install/torque_msgs/lib/libtorque_msgs__python.so" to ""
[5.513s] -- Installing: /home/reachy/torque_ws/install/torque_msgs/share/torque_msgs/msg/ExpandedJointStates.idl
[5.513s] -- Installing: /home/reachy/torque_ws/install/torque_msgs/share/torque_msgs/msg/ExpandedJointStates.msg
[5.513s] -- Installing: /home/reachy/torque_ws/install/torque_msgs/share/ament_index/resource_index/package_run_dependencies/torque_msgs
[5.513s] -- Installing: /home/reachy/torque_ws/install/torque_msgs/share/ament_index/resource_index/parent_prefix_path/torque_msgs
[5.514s] -- Installing: /home/reachy/torque_ws/install/torque_msgs/share/torque_msgs/environment/ament_prefix_path.sh
[5.514s] -- Installing: /home/reachy/torque_ws/install/torque_msgs/share/torque_msgs/environment/ament_prefix_path.dsv
[5.514s] -- Installing: /home/reachy/torque_ws/install/torque_msgs/share/torque_msgs/environment/path.sh
[5.514s] -- Installing: /home/reachy/torque_ws/install/torque_msgs/share/torque_msgs/environment/path.dsv
[5.515s] -- Installing: /home/reachy/torque_ws/install/torque_msgs/share/torque_msgs/local_setup.bash
[5.515s] -- Installing: /home/reachy/torque_ws/install/torque_msgs/share/torque_msgs/local_setup.sh
[5.515s] -- Installing: /home/reachy/torque_ws/install/torque_msgs/share/torque_msgs/local_setup.zsh
[5.515s] -- Installing: /home/reachy/torque_ws/install/torque_msgs/share/torque_msgs/local_setup.dsv
[5.516s] -- Installing: /home/reachy/torque_ws/install/torque_msgs/share/torque_msgs/package.dsv
[5.516s] -- Installing: /home/reachy/torque_ws/install/torque_msgs/share/ament_index/resource_index/packages/torque_msgs
[5.516s] -- Installing: /home/reachy/torque_ws/install/torque_msgs/share/torque_msgs/cmake/torque_msgs__rosidl_generator_cExport.cmake
[5.516s] -- Installing: /home/reachy/torque_ws/install/torque_msgs/share/torque_msgs/cmake/torque_msgs__rosidl_generator_cExport-noconfig.cmake
[5.517s] -- Installing: /home/reachy/torque_ws/install/torque_msgs/share/torque_msgs/cmake/torque_msgs__rosidl_typesupport_introspection_cExport.cmake
[5.517s] -- Installing: /home/reachy/torque_ws/install/torque_msgs/share/torque_msgs/cmake/torque_msgs__rosidl_typesupport_introspection_cExport-noconfig.cmake
[5.517s] -- Installing: /home/reachy/torque_ws/install/torque_msgs/share/torque_msgs/cmake/torque_msgs__rosidl_typesupport_cExport.cmake
[5.517s] -- Installing: /home/reachy/torque_ws/install/torque_msgs/share/torque_msgs/cmake/torque_msgs__rosidl_typesupport_cExport-noconfig.cmake
[5.517s] -- Installing: /home/reachy/torque_ws/install/torque_msgs/share/torque_msgs/cmake/torque_msgs__rosidl_generator_cppExport.cmake
[5.518s] -- Installing: /home/reachy/torque_ws/install/torque_msgs/share/torque_msgs/cmake/torque_msgs__rosidl_typesupport_introspection_cppExport.cmake
[5.518s] -- Installing: /home/reachy/torque_ws/install/torque_msgs/share/torque_msgs/cmake/torque_msgs__rosidl_typesupport_introspection_cppExport-noconfig.cmake
[5.518s] -- Installing: /home/reachy/torque_ws/install/torque_msgs/share/torque_msgs/cmake/torque_msgs__rosidl_typesupport_cppExport.cmake
[5.518s] -- Installing: /home/reachy/torque_ws/install/torque_msgs/share/torque_msgs/cmake/torque_msgs__rosidl_typesupport_cppExport-noconfig.cmake
[5.519s] -- Installing: /home/reachy/torque_ws/install/torque_msgs/share/torque_msgs/cmake/rosidl_cmake-extras.cmake
[5.519s] -- Installing: /home/reachy/torque_ws/install/torque_msgs/share/torque_msgs/cmake/ament_cmake_export_dependencies-extras.cmake
[5.519s] -- Installing: /home/reachy/torque_ws/install/torque_msgs/share/torque_msgs/cmake/ament_cmake_export_libraries-extras.cmake
[5.519s] -- Installing: /home/reachy/torque_ws/install/torque_msgs/share/torque_msgs/cmake/ament_cmake_export_targets-extras.cmake
[5.519s] -- Installing: /home/reachy/torque_ws/install/torque_msgs/share/torque_msgs/cmake/ament_cmake_export_include_directories-extras.cmake
[5.520s] -- Installing: /home/reachy/torque_ws/install/torque_msgs/share/torque_msgs/cmake/rosidl_cmake_export_typesupport_libraries-extras.cmake
[5.520s] -- Installing: /home/reachy/torque_ws/install/torque_msgs/share/torque_msgs/cmake/rosidl_cmake_export_typesupport_targets-extras.cmake
[5.520s] -- Installing: /home/reachy/torque_ws/install/torque_msgs/share/torque_msgs/cmake/torque_msgsConfig.cmake
[5.520s] -- Installing: /home/reachy/torque_ws/install/torque_msgs/share/torque_msgs/cmake/torque_msgsConfig-version.cmake
[5.520s] -- Installing: /home/reachy/torque_ws/install/torque_msgs/share/torque_msgs/package.xml
[5.525s] Invoked command in '/home/reachy/torque_ws/build/torque_msgs' returned '0': CMAKE_PREFIX_PATH=${CMAKE_PREFIX_PATH}:/home/reachy/torque_ws/install/reachy_vel_acc:/home/reachy/reachy_ws/install/reachy_sdk_server:/home/reachy/reachy_ws/install/reachy_kinematics:/home/reachy/reachy_ws/install/reachy_controllers:/home/reachy/reachy_ws/install/reachy_focus:/home/reachy/ros_ws/install/joint_state_publisher_gui:/home/reachy/ros_ws/install/joint_state_publisher:/opt/ros/foxy /usr/bin/cmake --install /home/reachy/torque_ws/build/torque_msgs
