running egg_info
creating ../../build/reachy_vel_acc/reachy_vel_acc.egg-info
writing ../../build/reachy_vel_acc/reachy_vel_acc.egg-info/PKG-INFO
writing dependency_links to ../../build/reachy_vel_acc/reachy_vel_acc.egg-info/dependency_links.txt
writing entry points to ../../build/reachy_vel_acc/reachy_vel_acc.egg-info/entry_points.txt
writing requirements to ../../build/reachy_vel_acc/reachy_vel_acc.egg-info/requires.txt
writing top-level names to ../../build/reachy_vel_acc/reachy_vel_acc.egg-info/top_level.txt
writing manifest file '../../build/reachy_vel_acc/reachy_vel_acc.egg-info/SOURCES.txt'
reading manifest file '../../build/reachy_vel_acc/reachy_vel_acc.egg-info/SOURCES.txt'
writing manifest file '../../build/reachy_vel_acc/reachy_vel_acc.egg-info/SOURCES.txt'
running build
running build_py
creating /home/reachy/torque_ws/build/reachy_vel_acc/build
creating /home/reachy/torque_ws/build/reachy_vel_acc/build/lib
creating /home/reachy/torque_ws/build/reachy_vel_acc/build/lib/reachy_vel_acc
copying reachy_vel_acc/__init__.py -> /home/reachy/torque_ws/build/reachy_vel_acc/build/lib/reachy_vel_acc
copying reachy_vel_acc/pub_vel_acc.py -> /home/reachy/torque_ws/build/reachy_vel_acc/build/lib/reachy_vel_acc
running install
running install_lib
creating /home/reachy/torque_ws/install/reachy_vel_acc/lib/python3.8/site-packages/reachy_vel_acc
copying /home/reachy/torque_ws/build/reachy_vel_acc/build/lib/reachy_vel_acc/__init__.py -> /home/reachy/torque_ws/install/reachy_vel_acc/lib/python3.8/site-packages/reachy_vel_acc
copying /home/reachy/torque_ws/build/reachy_vel_acc/build/lib/reachy_vel_acc/pub_vel_acc.py -> /home/reachy/torque_ws/install/reachy_vel_acc/lib/python3.8/site-packages/reachy_vel_acc
byte-compiling /home/reachy/torque_ws/install/reachy_vel_acc/lib/python3.8/site-packages/reachy_vel_acc/__init__.py to __init__.cpython-38.pyc
byte-compiling /home/reachy/torque_ws/install/reachy_vel_acc/lib/python3.8/site-packages/reachy_vel_acc/pub_vel_acc.py to pub_vel_acc.cpython-38.pyc
running install_data
creating /home/reachy/torque_ws/install/reachy_vel_acc/share/ament_index
creating /home/reachy/torque_ws/install/reachy_vel_acc/share/ament_index/resource_index
creating /home/reachy/torque_ws/install/reachy_vel_acc/share/ament_index/resource_index/packages
copying resource/reachy_vel_acc -> /home/reachy/torque_ws/install/reachy_vel_acc/share/ament_index/resource_index/packages
copying package.xml -> /home/reachy/torque_ws/install/reachy_vel_acc/share/reachy_vel_acc
running install_egg_info
Copying ../../build/reachy_vel_acc/reachy_vel_acc.egg-info to /home/reachy/torque_ws/install/reachy_vel_acc/lib/python3.8/site-packages/reachy_vel_acc-0.0.0-py3.8.egg-info
running install_scripts
Installing vel_acc script to /home/reachy/torque_ws/install/reachy_vel_acc/lib/reachy_vel_acc
writing list of installed files to '/home/reachy/torque_ws/build/reachy_vel_acc/install.log'
