[0.324s] DEBUG:colcon:Command line arguments: ['/usr/bin/colcon', 'build', '--packages-select', 'reachy_vel_acc']
[0.325s] DEBUG:colcon:Parsed command line arguments: Namespace(allow_overriding=[], ament_cmake_args=None, base_paths=['.'], build_base='build', catkin_cmake_args=None, catkin_skip_building_tests=False, cmake_args=None, cmake_clean_cache=False, cmake_clean_first=False, cmake_force_configure=False, cmake_target=None, cmake_target_skip_unavailable=False, continue_on_error=False, event_handlers=None, executor='parallel', ignore_user_meta=False, install_base='install', log_base=None, log_level=None, main=<bound method BuildVerb.main of <colcon_core.verb.build.BuildVerb object at 0x7fd6ad3ec0d0>>, merge_install=False, metas=['./colcon.meta'], packages_above=None, packages_above_and_dependencies=None, packages_above_depth=None, packages_end=None, packages_ignore=None, packages_ignore_regex=None, packages_select=['reachy_vel_acc'], packages_select_build_failed=False, packages_select_by_dep=None, packages_select_regex=None, packages_select_test_failures=False, packages_skip=None, packages_skip_build_finished=False, packages_skip_by_dep=None, packages_skip_regex=None, packages_skip_test_passed=False, packages_skip_up_to=None, packages_start=None, packages_up_to=None, packages_up_to_regex=None, parallel_workers=8, paths=None, symlink_install=False, test_result_base=None, verb_extension=<colcon_core.verb.build.BuildVerb object at 0x7fd6ad3ec0d0>, verb_name='build', verb_parser=<colcon_defaults.argument_parser.defaults.DefaultArgumentsDecorator object at 0x7fd6ad3ec610>)
[0.361s] Level 1:colcon.colcon_core.package_discovery:discover_packages(colcon_meta) check parameters
[0.361s] Level 1:colcon.colcon_core.package_discovery:discover_packages(recursive) check parameters
[0.361s] Level 1:colcon.colcon_core.package_discovery:discover_packages(ignore) check parameters
[0.361s] Level 1:colcon.colcon_core.package_discovery:discover_packages(path) check parameters
[0.361s] Level 1:colcon.colcon_core.package_discovery:discover_packages(colcon_meta) discover
[0.361s] Level 1:colcon.colcon_core.package_discovery:discover_packages(recursive) discover
[0.361s] INFO:colcon.colcon_core.package_discovery:Crawling recursively for packages in '/home/reachy/torque_ws'
[0.361s] Level 1:colcon.colcon_core.package_identification:_identify(.) by extensions ['ignore', 'ignore_ament_install']
[0.361s] Level 1:colcon.colcon_core.package_identification:_identify(.) by extension 'ignore'
[0.361s] Level 1:colcon.colcon_core.package_identification:_identify(.) by extension 'ignore_ament_install'
[0.361s] Level 1:colcon.colcon_core.package_identification:_identify(.) by extensions ['colcon_pkg']
[0.362s] Level 1:colcon.colcon_core.package_identification:_identify(.) by extension 'colcon_pkg'
[0.362s] Level 1:colcon.colcon_core.package_identification:_identify(.) by extensions ['colcon_meta']
[0.362s] Level 1:colcon.colcon_core.package_identification:_identify(.) by extension 'colcon_meta'
[0.362s] Level 1:colcon.colcon_core.package_identification:_identify(.) by extensions ['ros']
[0.362s] Level 1:colcon.colcon_core.package_identification:_identify(.) by extension 'ros'
[0.373s] Level 1:colcon.colcon_core.package_identification:_identify(.) by extensions ['cmake', 'python']
[0.374s] Level 1:colcon.colcon_core.package_identification:_identify(.) by extension 'cmake'
[0.374s] Level 1:colcon.colcon_core.package_identification:_identify(.) by extension 'python'
[0.374s] Level 1:colcon.colcon_core.package_identification:_identify(.) by extensions ['python_setup_py']
[0.374s] Level 1:colcon.colcon_core.package_identification:_identify(.) by extension 'python_setup_py'
[0.374s] Level 1:colcon.colcon_core.package_identification:_identify(build) by extensions ['ignore', 'ignore_ament_install']
[0.374s] Level 1:colcon.colcon_core.package_identification:_identify(build) by extension 'ignore'
[0.374s] Level 1:colcon.colcon_core.package_identification:_identify(build) ignored
[0.374s] Level 1:colcon.colcon_core.package_identification:_identify(install) by extensions ['ignore', 'ignore_ament_install']
[0.374s] Level 1:colcon.colcon_core.package_identification:_identify(install) by extension 'ignore'
[0.374s] Level 1:colcon.colcon_core.package_identification:_identify(install) ignored
[0.374s] Level 1:colcon.colcon_core.package_identification:_identify(log) by extensions ['ignore', 'ignore_ament_install']
[0.374s] Level 1:colcon.colcon_core.package_identification:_identify(log) by extension 'ignore'
[0.374s] Level 1:colcon.colcon_core.package_identification:_identify(log) ignored
[0.375s] Level 1:colcon.colcon_core.package_identification:_identify(src) by extensions ['ignore', 'ignore_ament_install']
[0.375s] Level 1:colcon.colcon_core.package_identification:_identify(src) by extension 'ignore'
[0.375s] Level 1:colcon.colcon_core.package_identification:_identify(src) by extension 'ignore_ament_install'
[0.375s] Level 1:colcon.colcon_core.package_identification:_identify(src) by extensions ['colcon_pkg']
[0.375s] Level 1:colcon.colcon_core.package_identification:_identify(src) by extension 'colcon_pkg'
[0.375s] Level 1:colcon.colcon_core.package_identification:_identify(src) by extensions ['colcon_meta']
[0.375s] Level 1:colcon.colcon_core.package_identification:_identify(src) by extension 'colcon_meta'
[0.375s] Level 1:colcon.colcon_core.package_identification:_identify(src) by extensions ['ros']
[0.375s] Level 1:colcon.colcon_core.package_identification:_identify(src) by extension 'ros'
[0.375s] Level 1:colcon.colcon_core.package_identification:_identify(src) by extensions ['cmake', 'python']
[0.375s] Level 1:colcon.colcon_core.package_identification:_identify(src) by extension 'cmake'
[0.375s] Level 1:colcon.colcon_core.package_identification:_identify(src) by extension 'python'
[0.375s] Level 1:colcon.colcon_core.package_identification:_identify(src) by extensions ['python_setup_py']
[0.375s] Level 1:colcon.colcon_core.package_identification:_identify(src) by extension 'python_setup_py'
[0.375s] Level 1:colcon.colcon_core.package_identification:_identify(src/reachy_vel_acc) by extensions ['ignore', 'ignore_ament_install']
[0.375s] Level 1:colcon.colcon_core.package_identification:_identify(src/reachy_vel_acc) by extension 'ignore'
[0.375s] Level 1:colcon.colcon_core.package_identification:_identify(src/reachy_vel_acc) by extension 'ignore_ament_install'
[0.375s] Level 1:colcon.colcon_core.package_identification:_identify(src/reachy_vel_acc) by extensions ['colcon_pkg']
[0.376s] Level 1:colcon.colcon_core.package_identification:_identify(src/reachy_vel_acc) by extension 'colcon_pkg'
[0.376s] Level 1:colcon.colcon_core.package_identification:_identify(src/reachy_vel_acc) by extensions ['colcon_meta']
[0.376s] Level 1:colcon.colcon_core.package_identification:_identify(src/reachy_vel_acc) by extension 'colcon_meta'
[0.376s] Level 1:colcon.colcon_core.package_identification:_identify(src/reachy_vel_acc) by extensions ['ros']
[0.376s] Level 1:colcon.colcon_core.package_identification:_identify(src/reachy_vel_acc) by extension 'ros'
[0.378s] DEBUG:colcon.colcon_core.package_identification:Package 'src/reachy_vel_acc' with type 'ros.ament_python' and name 'reachy_vel_acc'
[0.378s] Level 1:colcon.colcon_core.package_discovery:discover_packages(recursive) using defaults
[0.378s] Level 1:colcon.colcon_core.package_discovery:discover_packages(ignore) discover
[0.378s] Level 1:colcon.colcon_core.package_discovery:discover_packages(ignore) using defaults
[0.378s] Level 1:colcon.colcon_core.package_discovery:discover_packages(path) discover
[0.378s] Level 1:colcon.colcon_core.package_discovery:discover_packages(path) using defaults
[0.400s] Level 1:colcon.colcon_core.package_discovery:discover_packages(prefix_path) check parameters
[0.400s] Level 1:colcon.colcon_core.package_discovery:discover_packages(prefix_path) discover
[0.403s] DEBUG:colcon.colcon_installed_package_information.package_discovery:Found 1 installed packages in /home/reachy/torque_ws/install
[0.404s] DEBUG:colcon.colcon_installed_package_information.package_discovery:Found 3 installed packages in /home/reachy/ros_ws/install
[0.405s] DEBUG:colcon.colcon_installed_package_information.package_discovery:Found 6 installed packages in /home/reachy/reachy_ws/install
[0.407s] DEBUG:colcon.colcon_installed_package_information.package_discovery:Found 256 installed packages in /opt/ros/foxy
[0.408s] Level 1:colcon.colcon_core.package_discovery:discover_packages(prefix_path) using defaults
[0.474s] Level 5:colcon.colcon_core.verb:set package 'reachy_vel_acc' build argument 'cmake_args' from command line to 'None'
[0.474s] Level 5:colcon.colcon_core.verb:set package 'reachy_vel_acc' build argument 'cmake_target' from command line to 'None'
[0.474s] Level 5:colcon.colcon_core.verb:set package 'reachy_vel_acc' build argument 'cmake_target_skip_unavailable' from command line to 'False'
[0.474s] Level 5:colcon.colcon_core.verb:set package 'reachy_vel_acc' build argument 'cmake_clean_cache' from command line to 'False'
[0.474s] Level 5:colcon.colcon_core.verb:set package 'reachy_vel_acc' build argument 'cmake_clean_first' from command line to 'False'
[0.474s] Level 5:colcon.colcon_core.verb:set package 'reachy_vel_acc' build argument 'cmake_force_configure' from command line to 'False'
[0.474s] Level 5:colcon.colcon_core.verb:set package 'reachy_vel_acc' build argument 'ament_cmake_args' from command line to 'None'
[0.474s] Level 5:colcon.colcon_core.verb:set package 'reachy_vel_acc' build argument 'catkin_cmake_args' from command line to 'None'
[0.474s] Level 5:colcon.colcon_core.verb:set package 'reachy_vel_acc' build argument 'catkin_skip_building_tests' from command line to 'False'
[0.474s] DEBUG:colcon.colcon_core.verb:Building package 'reachy_vel_acc' with the following arguments: {'ament_cmake_args': None, 'build_base': '/home/reachy/torque_ws/build/reachy_vel_acc', 'catkin_cmake_args': None, 'catkin_skip_building_tests': False, 'cmake_args': None, 'cmake_clean_cache': False, 'cmake_clean_first': False, 'cmake_force_configure': False, 'cmake_target': None, 'cmake_target_skip_unavailable': False, 'install_base': '/home/reachy/torque_ws/install/reachy_vel_acc', 'merge_install': False, 'path': '/home/reachy/torque_ws/src/reachy_vel_acc', 'symlink_install': False, 'test_result_base': None}
[0.475s] INFO:colcon.colcon_core.executor:Executing jobs using 'parallel' executor
[0.478s] DEBUG:colcon.colcon_parallel_executor.executor.parallel:run_until_complete
[0.478s] INFO:colcon.colcon_ros.task.ament_python.build:Building ROS package in '/home/reachy/torque_ws/src/reachy_vel_acc' with build type 'ament_python'
[0.478s] Level 1:colcon.colcon_core.shell:create_environment_hook('reachy_vel_acc', 'ament_prefix_path')
[0.483s] INFO:colcon.colcon_core.plugin_system:Skipping extension 'colcon_core.shell.bat': Not used on non-Windows systems
[0.483s] INFO:colcon.colcon_core.shell:Creating environment hook '/home/reachy/torque_ws/install/reachy_vel_acc/share/reachy_vel_acc/hook/ament_prefix_path.ps1'
[0.484s] INFO:colcon.colcon_core.shell:Creating environment descriptor '/home/reachy/torque_ws/install/reachy_vel_acc/share/reachy_vel_acc/hook/ament_prefix_path.dsv'
[0.484s] INFO:colcon.colcon_core.shell:Creating environment hook '/home/reachy/torque_ws/install/reachy_vel_acc/share/reachy_vel_acc/hook/ament_prefix_path.sh'
[0.486s] INFO:colcon.colcon_core.shell:Skip shell extension 'powershell' for command environment: Not usable outside of PowerShell
[0.486s] DEBUG:colcon.colcon_core.shell:Skip shell extension 'dsv' for command environment
[0.771s] INFO:colcon.colcon_core.task.python.build:Building Python package in '/home/reachy/torque_ws/src/reachy_vel_acc'
[0.774s] INFO:colcon.colcon_core.shell:Skip shell extension 'powershell' for command environment: Not usable outside of PowerShell
[0.774s] DEBUG:colcon.colcon_core.shell:Skip shell extension 'dsv' for command environment
[1.211s] DEBUG:colcon.colcon_core.event_handler.log_command:Invoking command in '/home/reachy/torque_ws/src/reachy_vel_acc': PYTHONPATH=/home/reachy/torque_ws/build/reachy_vel_acc/prefix_override:/home/reachy/torque_ws/install/reachy_vel_acc/lib/python3.8/site-packages:${PYTHONPATH} /usr/bin/python3 setup.py egg_info --egg-base ../../build/reachy_vel_acc build --build-base /home/reachy/torque_ws/build/reachy_vel_acc/build install --record /home/reachy/torque_ws/build/reachy_vel_acc/install.log --install-scripts $base/lib/reachy_vel_acc --single-version-externally-managed
[1.571s] DEBUG:colcon.colcon_core.event_handler.log_command:Invoked command in '/home/reachy/torque_ws/src/reachy_vel_acc' returned '0': PYTHONPATH=/home/reachy/torque_ws/build/reachy_vel_acc/prefix_override:/home/reachy/torque_ws/install/reachy_vel_acc/lib/python3.8/site-packages:${PYTHONPATH} /usr/bin/python3 setup.py egg_info --egg-base ../../build/reachy_vel_acc build --build-base /home/reachy/torque_ws/build/reachy_vel_acc/build install --record /home/reachy/torque_ws/build/reachy_vel_acc/install.log --install-scripts $base/lib/reachy_vel_acc --single-version-externally-managed
[1.579s] Level 1:colcon.colcon_core.environment:checking '/home/reachy/torque_ws/install/reachy_vel_acc' for CMake module files
[1.580s] Level 1:colcon.colcon_core.environment:checking '/home/reachy/torque_ws/install/reachy_vel_acc' for CMake config files
[1.581s] Level 1:colcon.colcon_core.environment:checking '/home/reachy/torque_ws/install/reachy_vel_acc/lib'
[1.582s] Level 1:colcon.colcon_core.environment:checking '/home/reachy/torque_ws/install/reachy_vel_acc/bin'
[1.582s] Level 1:colcon.colcon_core.environment:checking '/home/reachy/torque_ws/install/reachy_vel_acc/lib/pkgconfig/reachy_vel_acc.pc'
[1.582s] Level 1:colcon.colcon_core.environment:checking '/home/reachy/torque_ws/install/reachy_vel_acc/lib/python3.8/site-packages'
[1.582s] Level 1:colcon.colcon_core.shell:create_environment_hook('reachy_vel_acc', 'pythonpath')
[1.585s] INFO:colcon.colcon_core.shell:Creating environment hook '/home/reachy/torque_ws/install/reachy_vel_acc/share/reachy_vel_acc/hook/pythonpath.ps1'
[1.586s] INFO:colcon.colcon_core.shell:Creating environment descriptor '/home/reachy/torque_ws/install/reachy_vel_acc/share/reachy_vel_acc/hook/pythonpath.dsv'
[1.587s] INFO:colcon.colcon_core.shell:Creating environment hook '/home/reachy/torque_ws/install/reachy_vel_acc/share/reachy_vel_acc/hook/pythonpath.sh'
[1.587s] Level 1:colcon.colcon_core.environment:checking '/home/reachy/torque_ws/install/reachy_vel_acc/bin'
[1.587s] Level 1:colcon.colcon_core.environment:create_environment_scripts_only(reachy_vel_acc)
[1.590s] INFO:colcon.colcon_core.shell:Creating package script '/home/reachy/torque_ws/install/reachy_vel_acc/share/reachy_vel_acc/package.ps1'
[1.591s] INFO:colcon.colcon_core.shell:Creating package descriptor '/home/reachy/torque_ws/install/reachy_vel_acc/share/reachy_vel_acc/package.dsv'
[1.592s] INFO:colcon.colcon_core.shell:Creating package script '/home/reachy/torque_ws/install/reachy_vel_acc/share/reachy_vel_acc/package.sh'
[1.593s] INFO:colcon.colcon_core.shell:Creating package script '/home/reachy/torque_ws/install/reachy_vel_acc/share/reachy_vel_acc/package.bash'
[1.594s] INFO:colcon.colcon_core.shell:Creating package script '/home/reachy/torque_ws/install/reachy_vel_acc/share/reachy_vel_acc/package.zsh'
[1.594s] Level 1:colcon.colcon_core.environment:create_file_with_runtime_dependencies(/home/reachy/torque_ws/install/reachy_vel_acc/share/colcon-core/packages/reachy_vel_acc)
[1.595s] DEBUG:colcon.colcon_parallel_executor.executor.parallel:closing loop
[1.595s] DEBUG:colcon.colcon_parallel_executor.executor.parallel:loop closed
[1.595s] DEBUG:colcon.colcon_parallel_executor.executor.parallel:run_until_complete finished with '0'
[1.595s] DEBUG:colcon.colcon_core.event_reactor:joining thread
[1.602s] INFO:colcon.colcon_core.plugin_system:Skipping extension 'colcon_notification.desktop_notification.terminal_notifier': Not used on non-Darwin systems
[1.602s] INFO:colcon.colcon_core.plugin_system:Skipping extension 'colcon_notification.desktop_notification.win32': Not used on non-Windows systems
[1.602s] INFO:colcon.colcon_notification.desktop_notification:Sending desktop notification using 'notify2'
[1.621s] DEBUG:colcon.colcon_core.event_reactor:joined thread
[1.623s] INFO:colcon.colcon_core.shell:Creating prefix script '/home/reachy/torque_ws/install/local_setup.ps1'
[1.625s] INFO:colcon.colcon_core.shell:Creating prefix util module '/home/reachy/torque_ws/install/_local_setup_util_ps1.py'
[1.627s] INFO:colcon.colcon_core.shell:Creating prefix chain script '/home/reachy/torque_ws/install/setup.ps1'
[1.631s] INFO:colcon.colcon_core.shell:Creating prefix script '/home/reachy/torque_ws/install/local_setup.sh'
[1.632s] INFO:colcon.colcon_core.shell:Creating prefix util module '/home/reachy/torque_ws/install/_local_setup_util_sh.py'
[1.633s] INFO:colcon.colcon_core.shell:Creating prefix chain script '/home/reachy/torque_ws/install/setup.sh'
[1.636s] INFO:colcon.colcon_core.shell:Creating prefix script '/home/reachy/torque_ws/install/local_setup.bash'
[1.637s] INFO:colcon.colcon_core.shell:Creating prefix chain script '/home/reachy/torque_ws/install/setup.bash'
[1.640s] INFO:colcon.colcon_core.shell:Creating prefix script '/home/reachy/torque_ws/install/local_setup.zsh'
[1.641s] INFO:colcon.colcon_core.shell:Creating prefix chain script '/home/reachy/torque_ws/install/setup.zsh'
