[1.715s] Invoking command in '/mnt/d/coding_stuff/torque-estimation/ros-comms/ros2_ws/src/py_pubsub': PYTHONPATH=/mnt/d/coding_stuff/torque-estimation/ros-comms/ros2_ws/build/py_pubsub/prefix_override:/mnt/d/coding_stuff/torque-estimation/ros-comms/ros2_ws/install/py_pubsub/lib/python3.10/site-packages:${PYTHONPATH} /usr/bin/python3 setup.py egg_info --egg-base ../../build/py_pubsub build --build-base /mnt/d/coding_stuff/torque-estimation/ros-comms/ros2_ws/build/py_pubsub/build install --record /mnt/d/coding_stuff/torque-estimation/ros-comms/ros2_ws/build/py_pubsub/install.log --single-version-externally-managed
[2.509s] running egg_info
[2.514s] writing ../../build/py_pubsub/py_pubsub.egg-info/PKG-INFO
[2.521s] writing dependency_links to ../../build/py_pubsub/py_pubsub.egg-info/dependency_links.txt
[2.526s] writing entry points to ../../build/py_pubsub/py_pubsub.egg-info/entry_points.txt
[2.530s] writing requirements to ../../build/py_pubsub/py_pubsub.egg-info/requires.txt
[2.532s] writing top-level names to ../../build/py_pubsub/py_pubsub.egg-info/top_level.txt
[2.561s] reading manifest file '../../build/py_pubsub/py_pubsub.egg-info/SOURCES.txt'
[2.617s] writing manifest file '../../build/py_pubsub/py_pubsub.egg-info/SOURCES.txt'
[2.620s] running build
[2.621s] running build_py
[2.658s] running install
[2.659s] /usr/lib/python3/dist-packages/setuptools/command/install.py:34: SetuptoolsDeprecationWarning: setup.py install is deprecated. Use build and pip and other standards-based tools.
[2.660s]   warnings.warn(
[2.661s] running install_lib
[2.783s] running install_data
[2.806s] running install_egg_info
[2.816s] removing '/mnt/d/coding_stuff/torque-estimation/ros-comms/ros2_ws/install/py_pubsub/lib/python3.10/site-packages/py_pubsub-0.0.0-py3.10.egg-info' (and everything under it)
[2.863s] Copying ../../build/py_pubsub/py_pubsub.egg-info to /mnt/d/coding_stuff/torque-estimation/ros-comms/ros2_ws/install/py_pubsub/lib/python3.10/site-packages/py_pubsub-0.0.0-py3.10.egg-info
[3.067s] running install_scripts
[3.143s] Installing listener script to /mnt/d/coding_stuff/torque-estimation/ros-comms/ros2_ws/install/py_pubsub/lib/py_pubsub
[3.151s] Installing talker script to /mnt/d/coding_stuff/torque-estimation/ros-comms/ros2_ws/install/py_pubsub/lib/py_pubsub
[3.162s] writing list of installed files to '/mnt/d/coding_stuff/torque-estimation/ros-comms/ros2_ws/build/py_pubsub/install.log'
[3.200s] Invoked command in '/mnt/d/coding_stuff/torque-estimation/ros-comms/ros2_ws/src/py_pubsub' returned '0': PYTHONPATH=/mnt/d/coding_stuff/torque-estimation/ros-comms/ros2_ws/build/py_pubsub/prefix_override:/mnt/d/coding_stuff/torque-estimation/ros-comms/ros2_ws/install/py_pubsub/lib/python3.10/site-packages:${PYTHONPATH} /usr/bin/python3 setup.py egg_info --egg-base ../../build/py_pubsub build --build-base /mnt/d/coding_stuff/torque-estimation/ros-comms/ros2_ws/build/py_pubsub/build install --record /mnt/d/coding_stuff/torque-estimation/ros-comms/ros2_ws/build/py_pubsub/install.log --single-version-externally-managed
